Terminais sem uso na gramática

    ARRAY
    OF
    TYPE
    NADA


Gramática

    0 $accept: programa $end

    1 $@1: %empty

    2 programa: $@1 PROGRAM IDENT ABRE_PARENTESES lista_idents FECHA_PARENTESES PONTO_E_VIRGULA bloco PONTO

    3 $@2: %empty

    4 $@3: %empty

    5 bloco: parte_declara_rotulos parte_declara_vars $@2 parte_declara_procs $@3 comando_composto

    6 parte_declara_vars: var

    7 $@4: %empty

    8 var: $@4 VAR declara_vars
    9    | %empty

   10 $@5: %empty

   11 declara_vars: declara_vars $@5 declara_var

   12 $@6: %empty

   13 declara_vars: $@6 declara_var

   14 declara_var: lista_id_var DOIS_PONTOS tipo PONTO_E_VIRGULA

   15 tipo: IDENT

   16 lista_id_var: lista_id_var VIRGULA IDENT
   17             | IDENT

   18 lista_idents: lista_idents VIRGULA IDENT
   19             | IDENT

   20 comando_composto: T_BEGIN comandos T_END

   21 comandos: comandos PONTO_E_VIRGULA comando
   22         | comando

   23 comando: comando_vazio
   24        | comando_sem_rotulo

   25 $@7: %empty

   26 comando: NUM $@7 DOIS_PONTOS comando_sem_rotulo

   27 comando_vazio: %empty

   28 $@8: %empty

   29 comando_sem_rotulo: IDENT $@8 atribuicao_ou_proc
   30                   | leitura
   31                   | escrita
   32                   | repeticao
   33                   | condicional
   34                   | comando_composto
   35                   | desvio

   36 leitura: READ ABRE_PARENTESES lista_read FECHA_PARENTESES

   37 lista_read: lista_read VIRGULA IDENT
   38           | IDENT

   39 escrita: WRITE ABRE_PARENTESES lista_write FECHA_PARENTESES

   40 lista_write: lista_write VIRGULA expressao
   41            | expressao

   42 atribuicao_ou_proc: ATRIBUICAO expressao

   43 $@9: %empty

   44 atribuicao_ou_proc: $@9 chamaProc

   45 expressao: expressao MAIOR expressao_simples
   46          | expressao MAIOR_IGUAL expressao_simples
   47          | expressao MENOR expressao_simples
   48          | expressao MENOR_IGUAL expressao_simples
   49          | expressao IGUAL expressao_simples
   50          | expressao DESIGUAL expressao_simples
   51          | expressao_simples

   52 expressao_simples: expressao_simples SOMA termo
   53                  | expressao_simples SUB termo
   54                  | expressao_simples OR termo
   55                  | termo

   56 termo: termo MULT fator
   57      | termo DIV fator
   58      | termo AND fator
   59      | fator

   60 fator: NUM
   61      | SUB NUM

   62 $@10: %empty

   63 fator: IDENT $@10 atribui
   64      | TRUE
   65      | FALSE
   66      | NOT fator
   67      | ABRE_PARENTESES expressao FECHA_PARENTESES

   68 $@11: %empty

   69 $@12: %empty

   70 repeticao: WHILE $@11 expressao DO $@12 comando

   71 condicional: if_then
   72            | if_then ELSE comando_sem_rotulo

   73 $@13: %empty

   74 $@14: %empty

   75 if_then: IF $@13 expressao $@14 THEN comando_sem_rotulo

   76 parte_declara_procs: declara_procs
   77                    | declara_funcs
   78                    | comando_vazio

   79 declara_procs: declara_procs declara_proc
   80              | declara_proc

   81 $@15: %empty

   82 $@16: %empty

   83 declara_proc: PROCEDURE $@15 IDENT $@16 paramsFormais PONTO_E_VIRGULA blocoPF

   84 paramsFormais: ABRE_PARENTESES listaParamsForms FECHA_PARENTESES
   85              | %empty

   86 listaParamsForms: listaParamsForms PONTO_E_VIRGULA declaraParams
   87                 | declaraParams

   88 $@17: %empty

   89 declaraParams: $@17 declaraParam DOIS_PONTOS tipoParam

   90 $@18: %empty

   91 declaraParams: VAR $@18 declaraParam DOIS_PONTOS tipoParam

   92 declaraParam: declaraParam VIRGULA IDENT
   93             | IDENT

   94 tipoParam: IDENT

   95 $@19: %empty

   96 $@20: %empty

   97 $@21: %empty

   98 blocoPF: parte_declara_rotulos parte_declara_vars $@19 parte_declara_procs $@20 comando_composto $@21 PONTO_E_VIRGULA

   99 chamaProc: chamaProcParams

  100 chamaProcParams: paramsProc
  101                | %empty

  102 $@22: %empty

  103 paramsProc: ABRE_PARENTESES $@22 listaParams FECHA_PARENTESES

  104 $@23: %empty

  105 listaParams: listaParams VIRGULA $@23 expressao

  106 $@24: %empty

  107 listaParams: $@24 expressao

  108 declara_funcs: declara_funcs declara_func
  109              | declara_func

  110 $@25: %empty

  111 $@26: %empty

  112 declara_func: FUNCTION $@25 IDENT $@26 paramsFormais DOIS_PONTOS tipoFunc PONTO_E_VIRGULA blocoPF

  113 tipoFunc: IDENT

  114 $@27: %empty

  115 atribui: $@27 paramsProc
  116        | %empty

  117 parte_declara_rotulos: LABEL listanums PONTO_E_VIRGULA
  118                      | %empty

  119 listanums: listanums VIRGULA NUM
  120          | NUM

  121 desvio: GOTO NUM


Terminais, com as regras onde eles aparecem

    $end (0) 0
    error (256)
    PROGRAM (258) 2
    ABRE_PARENTESES (259) 2 36 39 67 84 103
    FECHA_PARENTESES (260) 2 36 39 67 84 103
    VIRGULA (261) 16 18 37 40 92 105 119
    PONTO_E_VIRGULA (262) 2 14 21 83 86 98 112 117
    DOIS_PONTOS (263) 14 26 89 91 112
    PONTO (264) 2
    T_BEGIN (265) 20
    T_END (266) 20
    VAR (267) 8 91
    IDENT (268) 2 15 16 17 18 19 29 37 38 63 83 92 93 94 112 113
    NUM (269) 26 60 61 119 120 121
    ATRIBUICAO (270) 42
    PROCEDURE (271) 83
    FUNCTION (272) 112
    GOTO (273) 121
    IF (274) 75
    THEN (275) 75
    ELSE (276) 72
    WHILE (277) 70
    DO (278) 70
    ARRAY (279)
    OF (280)
    LABEL (281) 117
    TYPE (282)
    AND (283) 58
    OR (284) 54
    NOT (285) 66
    SOMA (286) 52
    SUB (287) 53 61
    MULT (288) 56
    DIV (289) 57
    TRUE (290) 64
    FALSE (291) 65
    READ (292) 36
    WRITE (293) 39
    MAIOR (294) 45
    MAIOR_IGUAL (295) 46
    MENOR (296) 47
    MENOR_IGUAL (297) 48
    IGUAL (298) 49
    DESIGUAL (299) 50
    LOWER_THAN_ELSE (300)
    NADA (301)


Não terminais com as regras onde eles aparecem

    $accept (47)
        à esquerda: 0
    programa (48)
        à esquerda: 2
        à direita: 0
    $@1 (49)
        à esquerda: 1
        à direita: 2
    bloco (50)
        à esquerda: 5
        à direita: 2
    $@2 (51)
        à esquerda: 3
        à direita: 5
    $@3 (52)
        à esquerda: 4
        à direita: 5
    parte_declara_vars (53)
        à esquerda: 6
        à direita: 5 98
    var (54)
        à esquerda: 8 9
        à direita: 6
    $@4 (55)
        à esquerda: 7
        à direita: 8
    declara_vars (56)
        à esquerda: 11 13
        à direita: 8 11
    $@5 (57)
        à esquerda: 10
        à direita: 11
    $@6 (58)
        à esquerda: 12
        à direita: 13
    declara_var (59)
        à esquerda: 14
        à direita: 11 13
    tipo (60)
        à esquerda: 15
        à direita: 14
    lista_id_var (61)
        à esquerda: 16 17
        à direita: 14 16
    lista_idents (62)
        à esquerda: 18 19
        à direita: 2 18
    comando_composto (63)
        à esquerda: 20
        à direita: 5 34 98
    comandos (64)
        à esquerda: 21 22
        à direita: 20 21
    comando (65)
        à esquerda: 23 24 26
        à direita: 21 22 70
    $@7 (66)
        à esquerda: 25
        à direita: 26
    comando_vazio (67)
        à esquerda: 27
        à direita: 23 78
    comando_sem_rotulo (68)
        à esquerda: 29 30 31 32 33 34 35
        à direita: 24 26 72 75
    $@8 (69)
        à esquerda: 28
        à direita: 29
    leitura (70)
        à esquerda: 36
        à direita: 30
    lista_read (71)
        à esquerda: 37 38
        à direita: 36 37
    escrita (72)
        à esquerda: 39
        à direita: 31
    lista_write (73)
        à esquerda: 40 41
        à direita: 39 40
    atribuicao_ou_proc (74)
        à esquerda: 42 44
        à direita: 29
    $@9 (75)
        à esquerda: 43
        à direita: 44
    expressao (76)
        à esquerda: 45 46 47 48 49 50 51
        à direita: 40 41 42 45 46 47 48 49 50 67 70 75 105 107
    expressao_simples (77)
        à esquerda: 52 53 54 55
        à direita: 45 46 47 48 49 50 51 52 53 54
    termo (78)
        à esquerda: 56 57 58 59
        à direita: 52 53 54 55 56 57 58
    fator (79)
        à esquerda: 60 61 63 64 65 66 67
        à direita: 56 57 58 59 66
    $@10 (80)
        à esquerda: 62
        à direita: 63
    repeticao (81)
        à esquerda: 70
        à direita: 32
    $@11 (82)
        à esquerda: 68
        à direita: 70
    $@12 (83)
        à esquerda: 69
        à direita: 70
    condicional (84)
        à esquerda: 71 72
        à direita: 33
    if_then (85)
        à esquerda: 75
        à direita: 71 72
    $@13 (86)
        à esquerda: 73
        à direita: 75
    $@14 (87)
        à esquerda: 74
        à direita: 75
    parte_declara_procs (88)
        à esquerda: 76 77 78
        à direita: 5 98
    declara_procs (89)
        à esquerda: 79 80
        à direita: 76 79
    declara_proc (90)
        à esquerda: 83
        à direita: 79 80
    $@15 (91)
        à esquerda: 81
        à direita: 83
    $@16 (92)
        à esquerda: 82
        à direita: 83
    paramsFormais (93)
        à esquerda: 84 85
        à direita: 83 112
    listaParamsForms (94)
        à esquerda: 86 87
        à direita: 84 86
    declaraParams (95)
        à esquerda: 89 91
        à direita: 86 87
    $@17 (96)
        à esquerda: 88
        à direita: 89
    $@18 (97)
        à esquerda: 90
        à direita: 91
    declaraParam (98)
        à esquerda: 92 93
        à direita: 89 91 92
    tipoParam (99)
        à esquerda: 94
        à direita: 89 91
    blocoPF (100)
        à esquerda: 98
        à direita: 83 112
    $@19 (101)
        à esquerda: 95
        à direita: 98
    $@20 (102)
        à esquerda: 96
        à direita: 98
    $@21 (103)
        à esquerda: 97
        à direita: 98
    chamaProc (104)
        à esquerda: 99
        à direita: 44
    chamaProcParams (105)
        à esquerda: 100 101
        à direita: 99
    paramsProc (106)
        à esquerda: 103
        à direita: 100 115
    $@22 (107)
        à esquerda: 102
        à direita: 103
    listaParams (108)
        à esquerda: 105 107
        à direita: 103 105
    $@23 (109)
        à esquerda: 104
        à direita: 105
    $@24 (110)
        à esquerda: 106
        à direita: 107
    declara_funcs (111)
        à esquerda: 108 109
        à direita: 77 108
    declara_func (112)
        à esquerda: 112
        à direita: 108 109
    $@25 (113)
        à esquerda: 110
        à direita: 112
    $@26 (114)
        à esquerda: 111
        à direita: 112
    tipoFunc (115)
        à esquerda: 113
        à direita: 112
    atribui (116)
        à esquerda: 115 116
        à direita: 63
    $@27 (117)
        à esquerda: 114
        à direita: 115
    parte_declara_rotulos (118)
        à esquerda: 117 118
        à direita: 5 98
    listanums (119)
        à esquerda: 119 120
        à direita: 117 119
    desvio (120)
        à esquerda: 121
        à direita: 35


Estado 0

    0 $accept: • programa $end

    $padrão  reduzir usando a regra 1 ($@1)

    programa  ir ao estado 1
    $@1       ir ao estado 2


Estado 1

    0 $accept: programa • $end

    $end  deslocar, e ir ao estado 3


Estado 2

    2 programa: $@1 • PROGRAM IDENT ABRE_PARENTESES lista_idents FECHA_PARENTESES PONTO_E_VIRGULA bloco PONTO

    PROGRAM  deslocar, e ir ao estado 4


Estado 3

    0 $accept: programa $end •

    $padrão  aceitar


Estado 4

    2 programa: $@1 PROGRAM • IDENT ABRE_PARENTESES lista_idents FECHA_PARENTESES PONTO_E_VIRGULA bloco PONTO

    IDENT  deslocar, e ir ao estado 5


Estado 5

    2 programa: $@1 PROGRAM IDENT • ABRE_PARENTESES lista_idents FECHA_PARENTESES PONTO_E_VIRGULA bloco PONTO

    ABRE_PARENTESES  deslocar, e ir ao estado 6


Estado 6

    2 programa: $@1 PROGRAM IDENT ABRE_PARENTESES • lista_idents FECHA_PARENTESES PONTO_E_VIRGULA bloco PONTO

    IDENT  deslocar, e ir ao estado 7

    lista_idents  ir ao estado 8


Estado 7

   19 lista_idents: IDENT •

    $padrão  reduzir usando a regra 19 (lista_idents)


Estado 8

    2 programa: $@1 PROGRAM IDENT ABRE_PARENTESES lista_idents • FECHA_PARENTESES PONTO_E_VIRGULA bloco PONTO
   18 lista_idents: lista_idents • VIRGULA IDENT

    FECHA_PARENTESES  deslocar, e ir ao estado 9
    VIRGULA           deslocar, e ir ao estado 10


Estado 9

    2 programa: $@1 PROGRAM IDENT ABRE_PARENTESES lista_idents FECHA_PARENTESES • PONTO_E_VIRGULA bloco PONTO

    PONTO_E_VIRGULA  deslocar, e ir ao estado 11


Estado 10

   18 lista_idents: lista_idents VIRGULA • IDENT

    IDENT  deslocar, e ir ao estado 12


Estado 11

    2 programa: $@1 PROGRAM IDENT ABRE_PARENTESES lista_idents FECHA_PARENTESES PONTO_E_VIRGULA • bloco PONTO

    LABEL  deslocar, e ir ao estado 13

    $padrão  reduzir usando a regra 118 (parte_declara_rotulos)

    bloco                  ir ao estado 14
    parte_declara_rotulos  ir ao estado 15


Estado 12

   18 lista_idents: lista_idents VIRGULA IDENT •

    $padrão  reduzir usando a regra 18 (lista_idents)


Estado 13

  117 parte_declara_rotulos: LABEL • listanums PONTO_E_VIRGULA

    NUM  deslocar, e ir ao estado 16

    listanums  ir ao estado 17


Estado 14

    2 programa: $@1 PROGRAM IDENT ABRE_PARENTESES lista_idents FECHA_PARENTESES PONTO_E_VIRGULA bloco • PONTO

    PONTO  deslocar, e ir ao estado 18


Estado 15

    5 bloco: parte_declara_rotulos • parte_declara_vars $@2 parte_declara_procs $@3 comando_composto

    VAR      reduzir usando a regra 7 ($@4)
    $padrão  reduzir usando a regra 9 (var)

    parte_declara_vars  ir ao estado 19
    var                 ir ao estado 20
    $@4                 ir ao estado 21


Estado 16

  120 listanums: NUM •

    $padrão  reduzir usando a regra 120 (listanums)


Estado 17

  117 parte_declara_rotulos: LABEL listanums • PONTO_E_VIRGULA
  119 listanums: listanums • VIRGULA NUM

    VIRGULA          deslocar, e ir ao estado 22
    PONTO_E_VIRGULA  deslocar, e ir ao estado 23


Estado 18

    2 programa: $@1 PROGRAM IDENT ABRE_PARENTESES lista_idents FECHA_PARENTESES PONTO_E_VIRGULA bloco PONTO •

    $padrão  reduzir usando a regra 2 (programa)


Estado 19

    5 bloco: parte_declara_rotulos parte_declara_vars • $@2 parte_declara_procs $@3 comando_composto

    $padrão  reduzir usando a regra 3 ($@2)

    $@2  ir ao estado 24


Estado 20

    6 parte_declara_vars: var •

    $padrão  reduzir usando a regra 6 (parte_declara_vars)


Estado 21

    8 var: $@4 • VAR declara_vars

    VAR  deslocar, e ir ao estado 25


Estado 22

  119 listanums: listanums VIRGULA • NUM

    NUM  deslocar, e ir ao estado 26


Estado 23

  117 parte_declara_rotulos: LABEL listanums PONTO_E_VIRGULA •

    $padrão  reduzir usando a regra 117 (parte_declara_rotulos)


Estado 24

    5 bloco: parte_declara_rotulos parte_declara_vars $@2 • parte_declara_procs $@3 comando_composto

    PROCEDURE  deslocar, e ir ao estado 27
    FUNCTION   deslocar, e ir ao estado 28

    $padrão  reduzir usando a regra 27 (comando_vazio)

    comando_vazio        ir ao estado 29
    parte_declara_procs  ir ao estado 30
    declara_procs        ir ao estado 31
    declara_proc         ir ao estado 32
    declara_funcs        ir ao estado 33
    declara_func         ir ao estado 34


Estado 25

    8 var: $@4 VAR • declara_vars

    $padrão  reduzir usando a regra 12 ($@6)

    declara_vars  ir ao estado 35
    $@6           ir ao estado 36


Estado 26

  119 listanums: listanums VIRGULA NUM •

    $padrão  reduzir usando a regra 119 (listanums)


Estado 27

   83 declara_proc: PROCEDURE • $@15 IDENT $@16 paramsFormais PONTO_E_VIRGULA blocoPF

    $padrão  reduzir usando a regra 81 ($@15)

    $@15  ir ao estado 37


Estado 28

  112 declara_func: FUNCTION • $@25 IDENT $@26 paramsFormais DOIS_PONTOS tipoFunc PONTO_E_VIRGULA blocoPF

    $padrão  reduzir usando a regra 110 ($@25)

    $@25  ir ao estado 38


Estado 29

   78 parte_declara_procs: comando_vazio •

    $padrão  reduzir usando a regra 78 (parte_declara_procs)


Estado 30

    5 bloco: parte_declara_rotulos parte_declara_vars $@2 parte_declara_procs • $@3 comando_composto

    $padrão  reduzir usando a regra 4 ($@3)

    $@3  ir ao estado 39


Estado 31

   76 parte_declara_procs: declara_procs •
   79 declara_procs: declara_procs • declara_proc

    PROCEDURE  deslocar, e ir ao estado 27

    $padrão  reduzir usando a regra 76 (parte_declara_procs)

    declara_proc  ir ao estado 40


Estado 32

   80 declara_procs: declara_proc •

    $padrão  reduzir usando a regra 80 (declara_procs)


Estado 33

   77 parte_declara_procs: declara_funcs •
  108 declara_funcs: declara_funcs • declara_func

    FUNCTION  deslocar, e ir ao estado 28

    $padrão  reduzir usando a regra 77 (parte_declara_procs)

    declara_func  ir ao estado 41


Estado 34

  109 declara_funcs: declara_func •

    $padrão  reduzir usando a regra 109 (declara_funcs)


Estado 35

    8 var: $@4 VAR declara_vars •
   11 declara_vars: declara_vars • $@5 declara_var

    IDENT    reduzir usando a regra 10 ($@5)
    $padrão  reduzir usando a regra 8 (var)

    $@5  ir ao estado 42


Estado 36

   13 declara_vars: $@6 • declara_var

    IDENT  deslocar, e ir ao estado 43

    declara_var   ir ao estado 44
    lista_id_var  ir ao estado 45


Estado 37

   83 declara_proc: PROCEDURE $@15 • IDENT $@16 paramsFormais PONTO_E_VIRGULA blocoPF

    IDENT  deslocar, e ir ao estado 46


Estado 38

  112 declara_func: FUNCTION $@25 • IDENT $@26 paramsFormais DOIS_PONTOS tipoFunc PONTO_E_VIRGULA blocoPF

    IDENT  deslocar, e ir ao estado 47


Estado 39

    5 bloco: parte_declara_rotulos parte_declara_vars $@2 parte_declara_procs $@3 • comando_composto

    T_BEGIN  deslocar, e ir ao estado 48

    comando_composto  ir ao estado 49


Estado 40

   79 declara_procs: declara_procs declara_proc •

    $padrão  reduzir usando a regra 79 (declara_procs)


Estado 41

  108 declara_funcs: declara_funcs declara_func •

    $padrão  reduzir usando a regra 108 (declara_funcs)


Estado 42

   11 declara_vars: declara_vars $@5 • declara_var

    IDENT  deslocar, e ir ao estado 43

    declara_var   ir ao estado 50
    lista_id_var  ir ao estado 45


Estado 43

   17 lista_id_var: IDENT •

    $padrão  reduzir usando a regra 17 (lista_id_var)


Estado 44

   13 declara_vars: $@6 declara_var •

    $padrão  reduzir usando a regra 13 (declara_vars)


Estado 45

   14 declara_var: lista_id_var • DOIS_PONTOS tipo PONTO_E_VIRGULA
   16 lista_id_var: lista_id_var • VIRGULA IDENT

    VIRGULA      deslocar, e ir ao estado 51
    DOIS_PONTOS  deslocar, e ir ao estado 52


Estado 46

   83 declara_proc: PROCEDURE $@15 IDENT • $@16 paramsFormais PONTO_E_VIRGULA blocoPF

    $padrão  reduzir usando a regra 82 ($@16)

    $@16  ir ao estado 53


Estado 47

  112 declara_func: FUNCTION $@25 IDENT • $@26 paramsFormais DOIS_PONTOS tipoFunc PONTO_E_VIRGULA blocoPF

    $padrão  reduzir usando a regra 111 ($@26)

    $@26  ir ao estado 54


Estado 48

   20 comando_composto: T_BEGIN • comandos T_END

    T_BEGIN  deslocar, e ir ao estado 48
    IDENT    deslocar, e ir ao estado 55
    NUM      deslocar, e ir ao estado 56
    GOTO     deslocar, e ir ao estado 57
    IF       deslocar, e ir ao estado 58
    WHILE    deslocar, e ir ao estado 59
    READ     deslocar, e ir ao estado 60
    WRITE    deslocar, e ir ao estado 61

    $padrão  reduzir usando a regra 27 (comando_vazio)

    comando_composto    ir ao estado 62
    comandos            ir ao estado 63
    comando             ir ao estado 64
    comando_vazio       ir ao estado 65
    comando_sem_rotulo  ir ao estado 66
    leitura             ir ao estado 67
    escrita             ir ao estado 68
    repeticao           ir ao estado 69
    condicional         ir ao estado 70
    if_then             ir ao estado 71
    desvio              ir ao estado 72


Estado 49

    5 bloco: parte_declara_rotulos parte_declara_vars $@2 parte_declara_procs $@3 comando_composto •

    $padrão  reduzir usando a regra 5 (bloco)


Estado 50

   11 declara_vars: declara_vars $@5 declara_var •

    $padrão  reduzir usando a regra 11 (declara_vars)


Estado 51

   16 lista_id_var: lista_id_var VIRGULA • IDENT

    IDENT  deslocar, e ir ao estado 73


Estado 52

   14 declara_var: lista_id_var DOIS_PONTOS • tipo PONTO_E_VIRGULA

    IDENT  deslocar, e ir ao estado 74

    tipo  ir ao estado 75


Estado 53

   83 declara_proc: PROCEDURE $@15 IDENT $@16 • paramsFormais PONTO_E_VIRGULA blocoPF

    ABRE_PARENTESES  deslocar, e ir ao estado 76

    $padrão  reduzir usando a regra 85 (paramsFormais)

    paramsFormais  ir ao estado 77


Estado 54

  112 declara_func: FUNCTION $@25 IDENT $@26 • paramsFormais DOIS_PONTOS tipoFunc PONTO_E_VIRGULA blocoPF

    ABRE_PARENTESES  deslocar, e ir ao estado 76

    $padrão  reduzir usando a regra 85 (paramsFormais)

    paramsFormais  ir ao estado 78


Estado 55

   29 comando_sem_rotulo: IDENT • $@8 atribuicao_ou_proc

    $padrão  reduzir usando a regra 28 ($@8)

    $@8  ir ao estado 79


Estado 56

   26 comando: NUM • $@7 DOIS_PONTOS comando_sem_rotulo

    $padrão  reduzir usando a regra 25 ($@7)

    $@7  ir ao estado 80


Estado 57

  121 desvio: GOTO • NUM

    NUM  deslocar, e ir ao estado 81


Estado 58

   75 if_then: IF • $@13 expressao $@14 THEN comando_sem_rotulo

    $padrão  reduzir usando a regra 73 ($@13)

    $@13  ir ao estado 82


Estado 59

   70 repeticao: WHILE • $@11 expressao DO $@12 comando

    $padrão  reduzir usando a regra 68 ($@11)

    $@11  ir ao estado 83


Estado 60

   36 leitura: READ • ABRE_PARENTESES lista_read FECHA_PARENTESES

    ABRE_PARENTESES  deslocar, e ir ao estado 84


Estado 61

   39 escrita: WRITE • ABRE_PARENTESES lista_write FECHA_PARENTESES

    ABRE_PARENTESES  deslocar, e ir ao estado 85


Estado 62

   34 comando_sem_rotulo: comando_composto •

    $padrão  reduzir usando a regra 34 (comando_sem_rotulo)


Estado 63

   20 comando_composto: T_BEGIN comandos • T_END
   21 comandos: comandos • PONTO_E_VIRGULA comando

    PONTO_E_VIRGULA  deslocar, e ir ao estado 86
    T_END            deslocar, e ir ao estado 87


Estado 64

   22 comandos: comando •

    $padrão  reduzir usando a regra 22 (comandos)


Estado 65

   23 comando: comando_vazio •

    $padrão  reduzir usando a regra 23 (comando)


Estado 66

   24 comando: comando_sem_rotulo •

    $padrão  reduzir usando a regra 24 (comando)


Estado 67

   30 comando_sem_rotulo: leitura •

    $padrão  reduzir usando a regra 30 (comando_sem_rotulo)


Estado 68

   31 comando_sem_rotulo: escrita •

    $padrão  reduzir usando a regra 31 (comando_sem_rotulo)


Estado 69

   32 comando_sem_rotulo: repeticao •

    $padrão  reduzir usando a regra 32 (comando_sem_rotulo)


Estado 70

   33 comando_sem_rotulo: condicional •

    $padrão  reduzir usando a regra 33 (comando_sem_rotulo)


Estado 71

   71 condicional: if_then •
   72            | if_then • ELSE comando_sem_rotulo

    ELSE  deslocar, e ir ao estado 88

    $padrão  reduzir usando a regra 71 (condicional)


Estado 72

   35 comando_sem_rotulo: desvio •

    $padrão  reduzir usando a regra 35 (comando_sem_rotulo)


Estado 73

   16 lista_id_var: lista_id_var VIRGULA IDENT •

    $padrão  reduzir usando a regra 16 (lista_id_var)


Estado 74

   15 tipo: IDENT •

    $padrão  reduzir usando a regra 15 (tipo)


Estado 75

   14 declara_var: lista_id_var DOIS_PONTOS tipo • PONTO_E_VIRGULA

    PONTO_E_VIRGULA  deslocar, e ir ao estado 89


Estado 76

   84 paramsFormais: ABRE_PARENTESES • listaParamsForms FECHA_PARENTESES

    VAR  deslocar, e ir ao estado 90

    $padrão  reduzir usando a regra 88 ($@17)

    listaParamsForms  ir ao estado 91
    declaraParams     ir ao estado 92
    $@17              ir ao estado 93


Estado 77

   83 declara_proc: PROCEDURE $@15 IDENT $@16 paramsFormais • PONTO_E_VIRGULA blocoPF

    PONTO_E_VIRGULA  deslocar, e ir ao estado 94


Estado 78

  112 declara_func: FUNCTION $@25 IDENT $@26 paramsFormais • DOIS_PONTOS tipoFunc PONTO_E_VIRGULA blocoPF

    DOIS_PONTOS  deslocar, e ir ao estado 95


Estado 79

   29 comando_sem_rotulo: IDENT $@8 • atribuicao_ou_proc

    ATRIBUICAO  deslocar, e ir ao estado 96

    $padrão  reduzir usando a regra 43 ($@9)

    atribuicao_ou_proc  ir ao estado 97
    $@9                 ir ao estado 98


Estado 80

   26 comando: NUM $@7 • DOIS_PONTOS comando_sem_rotulo

    DOIS_PONTOS  deslocar, e ir ao estado 99


Estado 81

  121 desvio: GOTO NUM •

    $padrão  reduzir usando a regra 121 (desvio)


Estado 82

   75 if_then: IF $@13 • expressao $@14 THEN comando_sem_rotulo

    ABRE_PARENTESES  deslocar, e ir ao estado 100
    IDENT            deslocar, e ir ao estado 101
    NUM              deslocar, e ir ao estado 102
    NOT              deslocar, e ir ao estado 103
    SUB              deslocar, e ir ao estado 104
    TRUE             deslocar, e ir ao estado 105
    FALSE            deslocar, e ir ao estado 106

    expressao          ir ao estado 107
    expressao_simples  ir ao estado 108
    termo              ir ao estado 109
    fator              ir ao estado 110


Estado 83

   70 repeticao: WHILE $@11 • expressao DO $@12 comando

    ABRE_PARENTESES  deslocar, e ir ao estado 100
    IDENT            deslocar, e ir ao estado 101
    NUM              deslocar, e ir ao estado 102
    NOT              deslocar, e ir ao estado 103
    SUB              deslocar, e ir ao estado 104
    TRUE             deslocar, e ir ao estado 105
    FALSE            deslocar, e ir ao estado 106

    expressao          ir ao estado 111
    expressao_simples  ir ao estado 108
    termo              ir ao estado 109
    fator              ir ao estado 110


Estado 84

   36 leitura: READ ABRE_PARENTESES • lista_read FECHA_PARENTESES

    IDENT  deslocar, e ir ao estado 112

    lista_read  ir ao estado 113


Estado 85

   39 escrita: WRITE ABRE_PARENTESES • lista_write FECHA_PARENTESES

    ABRE_PARENTESES  deslocar, e ir ao estado 100
    IDENT            deslocar, e ir ao estado 101
    NUM              deslocar, e ir ao estado 102
    NOT              deslocar, e ir ao estado 103
    SUB              deslocar, e ir ao estado 104
    TRUE             deslocar, e ir ao estado 105
    FALSE            deslocar, e ir ao estado 106

    lista_write        ir ao estado 114
    expressao          ir ao estado 115
    expressao_simples  ir ao estado 108
    termo              ir ao estado 109
    fator              ir ao estado 110


Estado 86

   21 comandos: comandos PONTO_E_VIRGULA • comando

    T_BEGIN  deslocar, e ir ao estado 48
    IDENT    deslocar, e ir ao estado 55
    NUM      deslocar, e ir ao estado 56
    GOTO     deslocar, e ir ao estado 57
    IF       deslocar, e ir ao estado 58
    WHILE    deslocar, e ir ao estado 59
    READ     deslocar, e ir ao estado 60
    WRITE    deslocar, e ir ao estado 61

    $padrão  reduzir usando a regra 27 (comando_vazio)

    comando_composto    ir ao estado 62
    comando             ir ao estado 116
    comando_vazio       ir ao estado 65
    comando_sem_rotulo  ir ao estado 66
    leitura             ir ao estado 67
    escrita             ir ao estado 68
    repeticao           ir ao estado 69
    condicional         ir ao estado 70
    if_then             ir ao estado 71
    desvio              ir ao estado 72


Estado 87

   20 comando_composto: T_BEGIN comandos T_END •

    $padrão  reduzir usando a regra 20 (comando_composto)


Estado 88

   72 condicional: if_then ELSE • comando_sem_rotulo

    T_BEGIN  deslocar, e ir ao estado 48
    IDENT    deslocar, e ir ao estado 55
    GOTO     deslocar, e ir ao estado 57
    IF       deslocar, e ir ao estado 58
    WHILE    deslocar, e ir ao estado 59
    READ     deslocar, e ir ao estado 60
    WRITE    deslocar, e ir ao estado 61

    comando_composto    ir ao estado 62
    comando_sem_rotulo  ir ao estado 117
    leitura             ir ao estado 67
    escrita             ir ao estado 68
    repeticao           ir ao estado 69
    condicional         ir ao estado 70
    if_then             ir ao estado 71
    desvio              ir ao estado 72


Estado 89

   14 declara_var: lista_id_var DOIS_PONTOS tipo PONTO_E_VIRGULA •

    $padrão  reduzir usando a regra 14 (declara_var)


Estado 90

   91 declaraParams: VAR • $@18 declaraParam DOIS_PONTOS tipoParam

    $padrão  reduzir usando a regra 90 ($@18)

    $@18  ir ao estado 118


Estado 91

   84 paramsFormais: ABRE_PARENTESES listaParamsForms • FECHA_PARENTESES
   86 listaParamsForms: listaParamsForms • PONTO_E_VIRGULA declaraParams

    FECHA_PARENTESES  deslocar, e ir ao estado 119
    PONTO_E_VIRGULA   deslocar, e ir ao estado 120


Estado 92

   87 listaParamsForms: declaraParams •

    $padrão  reduzir usando a regra 87 (listaParamsForms)


Estado 93

   89 declaraParams: $@17 • declaraParam DOIS_PONTOS tipoParam

    IDENT  deslocar, e ir ao estado 121

    declaraParam  ir ao estado 122


Estado 94

   83 declara_proc: PROCEDURE $@15 IDENT $@16 paramsFormais PONTO_E_VIRGULA • blocoPF

    LABEL  deslocar, e ir ao estado 13

    $padrão  reduzir usando a regra 118 (parte_declara_rotulos)

    blocoPF                ir ao estado 123
    parte_declara_rotulos  ir ao estado 124


Estado 95

  112 declara_func: FUNCTION $@25 IDENT $@26 paramsFormais DOIS_PONTOS • tipoFunc PONTO_E_VIRGULA blocoPF

    IDENT  deslocar, e ir ao estado 125

    tipoFunc  ir ao estado 126


Estado 96

   42 atribuicao_ou_proc: ATRIBUICAO • expressao

    ABRE_PARENTESES  deslocar, e ir ao estado 100
    IDENT            deslocar, e ir ao estado 101
    NUM              deslocar, e ir ao estado 102
    NOT              deslocar, e ir ao estado 103
    SUB              deslocar, e ir ao estado 104
    TRUE             deslocar, e ir ao estado 105
    FALSE            deslocar, e ir ao estado 106

    expressao          ir ao estado 127
    expressao_simples  ir ao estado 108
    termo              ir ao estado 109
    fator              ir ao estado 110


Estado 97

   29 comando_sem_rotulo: IDENT $@8 atribuicao_ou_proc •

    $padrão  reduzir usando a regra 29 (comando_sem_rotulo)


Estado 98

   44 atribuicao_ou_proc: $@9 • chamaProc

    ABRE_PARENTESES  deslocar, e ir ao estado 128

    $padrão  reduzir usando a regra 101 (chamaProcParams)

    chamaProc        ir ao estado 129
    chamaProcParams  ir ao estado 130
    paramsProc       ir ao estado 131


Estado 99

   26 comando: NUM $@7 DOIS_PONTOS • comando_sem_rotulo

    T_BEGIN  deslocar, e ir ao estado 48
    IDENT    deslocar, e ir ao estado 55
    GOTO     deslocar, e ir ao estado 57
    IF       deslocar, e ir ao estado 58
    WHILE    deslocar, e ir ao estado 59
    READ     deslocar, e ir ao estado 60
    WRITE    deslocar, e ir ao estado 61

    comando_composto    ir ao estado 62
    comando_sem_rotulo  ir ao estado 132
    leitura             ir ao estado 67
    escrita             ir ao estado 68
    repeticao           ir ao estado 69
    condicional         ir ao estado 70
    if_then             ir ao estado 71
    desvio              ir ao estado 72


Estado 100

   67 fator: ABRE_PARENTESES • expressao FECHA_PARENTESES

    ABRE_PARENTESES  deslocar, e ir ao estado 100
    IDENT            deslocar, e ir ao estado 101
    NUM              deslocar, e ir ao estado 102
    NOT              deslocar, e ir ao estado 103
    SUB              deslocar, e ir ao estado 104
    TRUE             deslocar, e ir ao estado 105
    FALSE            deslocar, e ir ao estado 106

    expressao          ir ao estado 133
    expressao_simples  ir ao estado 108
    termo              ir ao estado 109
    fator              ir ao estado 110


Estado 101

   63 fator: IDENT • $@10 atribui

    $padrão  reduzir usando a regra 62 ($@10)

    $@10  ir ao estado 134


Estado 102

   60 fator: NUM •

    $padrão  reduzir usando a regra 60 (fator)


Estado 103

   66 fator: NOT • fator

    ABRE_PARENTESES  deslocar, e ir ao estado 100
    IDENT            deslocar, e ir ao estado 101
    NUM              deslocar, e ir ao estado 102
    NOT              deslocar, e ir ao estado 103
    SUB              deslocar, e ir ao estado 104
    TRUE             deslocar, e ir ao estado 105
    FALSE            deslocar, e ir ao estado 106

    fator  ir ao estado 135


Estado 104

   61 fator: SUB • NUM

    NUM  deslocar, e ir ao estado 136


Estado 105

   64 fator: TRUE •

    $padrão  reduzir usando a regra 64 (fator)


Estado 106

   65 fator: FALSE •

    $padrão  reduzir usando a regra 65 (fator)


Estado 107

   45 expressao: expressao • MAIOR expressao_simples
   46          | expressao • MAIOR_IGUAL expressao_simples
   47          | expressao • MENOR expressao_simples
   48          | expressao • MENOR_IGUAL expressao_simples
   49          | expressao • IGUAL expressao_simples
   50          | expressao • DESIGUAL expressao_simples
   75 if_then: IF $@13 expressao • $@14 THEN comando_sem_rotulo

    MAIOR        deslocar, e ir ao estado 137
    MAIOR_IGUAL  deslocar, e ir ao estado 138
    MENOR        deslocar, e ir ao estado 139
    MENOR_IGUAL  deslocar, e ir ao estado 140
    IGUAL        deslocar, e ir ao estado 141
    DESIGUAL     deslocar, e ir ao estado 142

    $padrão  reduzir usando a regra 74 ($@14)

    $@14  ir ao estado 143


Estado 108

   51 expressao: expressao_simples •
   52 expressao_simples: expressao_simples • SOMA termo
   53                  | expressao_simples • SUB termo
   54                  | expressao_simples • OR termo

    OR    deslocar, e ir ao estado 144
    SOMA  deslocar, e ir ao estado 145
    SUB   deslocar, e ir ao estado 146

    $padrão  reduzir usando a regra 51 (expressao)


Estado 109

   55 expressao_simples: termo •
   56 termo: termo • MULT fator
   57      | termo • DIV fator
   58      | termo • AND fator

    AND   deslocar, e ir ao estado 147
    MULT  deslocar, e ir ao estado 148
    DIV   deslocar, e ir ao estado 149

    $padrão  reduzir usando a regra 55 (expressao_simples)


Estado 110

   59 termo: fator •

    $padrão  reduzir usando a regra 59 (termo)


Estado 111

   45 expressao: expressao • MAIOR expressao_simples
   46          | expressao • MAIOR_IGUAL expressao_simples
   47          | expressao • MENOR expressao_simples
   48          | expressao • MENOR_IGUAL expressao_simples
   49          | expressao • IGUAL expressao_simples
   50          | expressao • DESIGUAL expressao_simples
   70 repeticao: WHILE $@11 expressao • DO $@12 comando

    DO           deslocar, e ir ao estado 150
    MAIOR        deslocar, e ir ao estado 137
    MAIOR_IGUAL  deslocar, e ir ao estado 138
    MENOR        deslocar, e ir ao estado 139
    MENOR_IGUAL  deslocar, e ir ao estado 140
    IGUAL        deslocar, e ir ao estado 141
    DESIGUAL     deslocar, e ir ao estado 142


Estado 112

   38 lista_read: IDENT •

    $padrão  reduzir usando a regra 38 (lista_read)


Estado 113

   36 leitura: READ ABRE_PARENTESES lista_read • FECHA_PARENTESES
   37 lista_read: lista_read • VIRGULA IDENT

    FECHA_PARENTESES  deslocar, e ir ao estado 151
    VIRGULA           deslocar, e ir ao estado 152


Estado 114

   39 escrita: WRITE ABRE_PARENTESES lista_write • FECHA_PARENTESES
   40 lista_write: lista_write • VIRGULA expressao

    FECHA_PARENTESES  deslocar, e ir ao estado 153
    VIRGULA           deslocar, e ir ao estado 154


Estado 115

   41 lista_write: expressao •
   45 expressao: expressao • MAIOR expressao_simples
   46          | expressao • MAIOR_IGUAL expressao_simples
   47          | expressao • MENOR expressao_simples
   48          | expressao • MENOR_IGUAL expressao_simples
   49          | expressao • IGUAL expressao_simples
   50          | expressao • DESIGUAL expressao_simples

    MAIOR        deslocar, e ir ao estado 137
    MAIOR_IGUAL  deslocar, e ir ao estado 138
    MENOR        deslocar, e ir ao estado 139
    MENOR_IGUAL  deslocar, e ir ao estado 140
    IGUAL        deslocar, e ir ao estado 141
    DESIGUAL     deslocar, e ir ao estado 142

    $padrão  reduzir usando a regra 41 (lista_write)


Estado 116

   21 comandos: comandos PONTO_E_VIRGULA comando •

    $padrão  reduzir usando a regra 21 (comandos)


Estado 117

   72 condicional: if_then ELSE comando_sem_rotulo •

    $padrão  reduzir usando a regra 72 (condicional)


Estado 118

   91 declaraParams: VAR $@18 • declaraParam DOIS_PONTOS tipoParam

    IDENT  deslocar, e ir ao estado 121

    declaraParam  ir ao estado 155


Estado 119

   84 paramsFormais: ABRE_PARENTESES listaParamsForms FECHA_PARENTESES •

    $padrão  reduzir usando a regra 84 (paramsFormais)


Estado 120

   86 listaParamsForms: listaParamsForms PONTO_E_VIRGULA • declaraParams

    VAR  deslocar, e ir ao estado 90

    $padrão  reduzir usando a regra 88 ($@17)

    declaraParams  ir ao estado 156
    $@17           ir ao estado 93


Estado 121

   93 declaraParam: IDENT •

    $padrão  reduzir usando a regra 93 (declaraParam)


Estado 122

   89 declaraParams: $@17 declaraParam • DOIS_PONTOS tipoParam
   92 declaraParam: declaraParam • VIRGULA IDENT

    VIRGULA      deslocar, e ir ao estado 157
    DOIS_PONTOS  deslocar, e ir ao estado 158


Estado 123

   83 declara_proc: PROCEDURE $@15 IDENT $@16 paramsFormais PONTO_E_VIRGULA blocoPF •

    $padrão  reduzir usando a regra 83 (declara_proc)


Estado 124

   98 blocoPF: parte_declara_rotulos • parte_declara_vars $@19 parte_declara_procs $@20 comando_composto $@21 PONTO_E_VIRGULA

    VAR      reduzir usando a regra 7 ($@4)
    $padrão  reduzir usando a regra 9 (var)

    parte_declara_vars  ir ao estado 159
    var                 ir ao estado 20
    $@4                 ir ao estado 21


Estado 125

  113 tipoFunc: IDENT •

    $padrão  reduzir usando a regra 113 (tipoFunc)


Estado 126

  112 declara_func: FUNCTION $@25 IDENT $@26 paramsFormais DOIS_PONTOS tipoFunc • PONTO_E_VIRGULA blocoPF

    PONTO_E_VIRGULA  deslocar, e ir ao estado 160


Estado 127

   42 atribuicao_ou_proc: ATRIBUICAO expressao •
   45 expressao: expressao • MAIOR expressao_simples
   46          | expressao • MAIOR_IGUAL expressao_simples
   47          | expressao • MENOR expressao_simples
   48          | expressao • MENOR_IGUAL expressao_simples
   49          | expressao • IGUAL expressao_simples
   50          | expressao • DESIGUAL expressao_simples

    MAIOR        deslocar, e ir ao estado 137
    MAIOR_IGUAL  deslocar, e ir ao estado 138
    MENOR        deslocar, e ir ao estado 139
    MENOR_IGUAL  deslocar, e ir ao estado 140
    IGUAL        deslocar, e ir ao estado 141
    DESIGUAL     deslocar, e ir ao estado 142

    $padrão  reduzir usando a regra 42 (atribuicao_ou_proc)


Estado 128

  103 paramsProc: ABRE_PARENTESES • $@22 listaParams FECHA_PARENTESES

    $padrão  reduzir usando a regra 102 ($@22)

    $@22  ir ao estado 161


Estado 129

   44 atribuicao_ou_proc: $@9 chamaProc •

    $padrão  reduzir usando a regra 44 (atribuicao_ou_proc)


Estado 130

   99 chamaProc: chamaProcParams •

    $padrão  reduzir usando a regra 99 (chamaProc)


Estado 131

  100 chamaProcParams: paramsProc •

    $padrão  reduzir usando a regra 100 (chamaProcParams)


Estado 132

   26 comando: NUM $@7 DOIS_PONTOS comando_sem_rotulo •

    $padrão  reduzir usando a regra 26 (comando)


Estado 133

   45 expressao: expressao • MAIOR expressao_simples
   46          | expressao • MAIOR_IGUAL expressao_simples
   47          | expressao • MENOR expressao_simples
   48          | expressao • MENOR_IGUAL expressao_simples
   49          | expressao • IGUAL expressao_simples
   50          | expressao • DESIGUAL expressao_simples
   67 fator: ABRE_PARENTESES expressao • FECHA_PARENTESES

    FECHA_PARENTESES  deslocar, e ir ao estado 162
    MAIOR             deslocar, e ir ao estado 137
    MAIOR_IGUAL       deslocar, e ir ao estado 138
    MENOR             deslocar, e ir ao estado 139
    MENOR_IGUAL       deslocar, e ir ao estado 140
    IGUAL             deslocar, e ir ao estado 141
    DESIGUAL          deslocar, e ir ao estado 142


Estado 134

   63 fator: IDENT $@10 • atribui

    ABRE_PARENTESES  reduzir usando a regra 114 ($@27)
    $padrão          reduzir usando a regra 116 (atribui)

    atribui  ir ao estado 163
    $@27     ir ao estado 164


Estado 135

   66 fator: NOT fator •

    $padrão  reduzir usando a regra 66 (fator)


Estado 136

   61 fator: SUB NUM •

    $padrão  reduzir usando a regra 61 (fator)


Estado 137

   45 expressao: expressao MAIOR • expressao_simples

    ABRE_PARENTESES  deslocar, e ir ao estado 100
    IDENT            deslocar, e ir ao estado 101
    NUM              deslocar, e ir ao estado 102
    NOT              deslocar, e ir ao estado 103
    SUB              deslocar, e ir ao estado 104
    TRUE             deslocar, e ir ao estado 105
    FALSE            deslocar, e ir ao estado 106

    expressao_simples  ir ao estado 165
    termo              ir ao estado 109
    fator              ir ao estado 110


Estado 138

   46 expressao: expressao MAIOR_IGUAL • expressao_simples

    ABRE_PARENTESES  deslocar, e ir ao estado 100
    IDENT            deslocar, e ir ao estado 101
    NUM              deslocar, e ir ao estado 102
    NOT              deslocar, e ir ao estado 103
    SUB              deslocar, e ir ao estado 104
    TRUE             deslocar, e ir ao estado 105
    FALSE            deslocar, e ir ao estado 106

    expressao_simples  ir ao estado 166
    termo              ir ao estado 109
    fator              ir ao estado 110


Estado 139

   47 expressao: expressao MENOR • expressao_simples

    ABRE_PARENTESES  deslocar, e ir ao estado 100
    IDENT            deslocar, e ir ao estado 101
    NUM              deslocar, e ir ao estado 102
    NOT              deslocar, e ir ao estado 103
    SUB              deslocar, e ir ao estado 104
    TRUE             deslocar, e ir ao estado 105
    FALSE            deslocar, e ir ao estado 106

    expressao_simples  ir ao estado 167
    termo              ir ao estado 109
    fator              ir ao estado 110


Estado 140

   48 expressao: expressao MENOR_IGUAL • expressao_simples

    ABRE_PARENTESES  deslocar, e ir ao estado 100
    IDENT            deslocar, e ir ao estado 101
    NUM              deslocar, e ir ao estado 102
    NOT              deslocar, e ir ao estado 103
    SUB              deslocar, e ir ao estado 104
    TRUE             deslocar, e ir ao estado 105
    FALSE            deslocar, e ir ao estado 106

    expressao_simples  ir ao estado 168
    termo              ir ao estado 109
    fator              ir ao estado 110


Estado 141

   49 expressao: expressao IGUAL • expressao_simples

    ABRE_PARENTESES  deslocar, e ir ao estado 100
    IDENT            deslocar, e ir ao estado 101
    NUM              deslocar, e ir ao estado 102
    NOT              deslocar, e ir ao estado 103
    SUB              deslocar, e ir ao estado 104
    TRUE             deslocar, e ir ao estado 105
    FALSE            deslocar, e ir ao estado 106

    expressao_simples  ir ao estado 169
    termo              ir ao estado 109
    fator              ir ao estado 110


Estado 142

   50 expressao: expressao DESIGUAL • expressao_simples

    ABRE_PARENTESES  deslocar, e ir ao estado 100
    IDENT            deslocar, e ir ao estado 101
    NUM              deslocar, e ir ao estado 102
    NOT              deslocar, e ir ao estado 103
    SUB              deslocar, e ir ao estado 104
    TRUE             deslocar, e ir ao estado 105
    FALSE            deslocar, e ir ao estado 106

    expressao_simples  ir ao estado 170
    termo              ir ao estado 109
    fator              ir ao estado 110


Estado 143

   75 if_then: IF $@13 expressao $@14 • THEN comando_sem_rotulo

    THEN  deslocar, e ir ao estado 171


Estado 144

   54 expressao_simples: expressao_simples OR • termo

    ABRE_PARENTESES  deslocar, e ir ao estado 100
    IDENT            deslocar, e ir ao estado 101
    NUM              deslocar, e ir ao estado 102
    NOT              deslocar, e ir ao estado 103
    SUB              deslocar, e ir ao estado 104
    TRUE             deslocar, e ir ao estado 105
    FALSE            deslocar, e ir ao estado 106

    termo  ir ao estado 172
    fator  ir ao estado 110


Estado 145

   52 expressao_simples: expressao_simples SOMA • termo

    ABRE_PARENTESES  deslocar, e ir ao estado 100
    IDENT            deslocar, e ir ao estado 101
    NUM              deslocar, e ir ao estado 102
    NOT              deslocar, e ir ao estado 103
    SUB              deslocar, e ir ao estado 104
    TRUE             deslocar, e ir ao estado 105
    FALSE            deslocar, e ir ao estado 106

    termo  ir ao estado 173
    fator  ir ao estado 110


Estado 146

   53 expressao_simples: expressao_simples SUB • termo

    ABRE_PARENTESES  deslocar, e ir ao estado 100
    IDENT            deslocar, e ir ao estado 101
    NUM              deslocar, e ir ao estado 102
    NOT              deslocar, e ir ao estado 103
    SUB              deslocar, e ir ao estado 104
    TRUE             deslocar, e ir ao estado 105
    FALSE            deslocar, e ir ao estado 106

    termo  ir ao estado 174
    fator  ir ao estado 110


Estado 147

   58 termo: termo AND • fator

    ABRE_PARENTESES  deslocar, e ir ao estado 100
    IDENT            deslocar, e ir ao estado 101
    NUM              deslocar, e ir ao estado 102
    NOT              deslocar, e ir ao estado 103
    SUB              deslocar, e ir ao estado 104
    TRUE             deslocar, e ir ao estado 105
    FALSE            deslocar, e ir ao estado 106

    fator  ir ao estado 175


Estado 148

   56 termo: termo MULT • fator

    ABRE_PARENTESES  deslocar, e ir ao estado 100
    IDENT            deslocar, e ir ao estado 101
    NUM              deslocar, e ir ao estado 102
    NOT              deslocar, e ir ao estado 103
    SUB              deslocar, e ir ao estado 104
    TRUE             deslocar, e ir ao estado 105
    FALSE            deslocar, e ir ao estado 106

    fator  ir ao estado 176


Estado 149

   57 termo: termo DIV • fator

    ABRE_PARENTESES  deslocar, e ir ao estado 100
    IDENT            deslocar, e ir ao estado 101
    NUM              deslocar, e ir ao estado 102
    NOT              deslocar, e ir ao estado 103
    SUB              deslocar, e ir ao estado 104
    TRUE             deslocar, e ir ao estado 105
    FALSE            deslocar, e ir ao estado 106

    fator  ir ao estado 177


Estado 150

   70 repeticao: WHILE $@11 expressao DO • $@12 comando

    $padrão  reduzir usando a regra 69 ($@12)

    $@12  ir ao estado 178


Estado 151

   36 leitura: READ ABRE_PARENTESES lista_read FECHA_PARENTESES •

    $padrão  reduzir usando a regra 36 (leitura)


Estado 152

   37 lista_read: lista_read VIRGULA • IDENT

    IDENT  deslocar, e ir ao estado 179


Estado 153

   39 escrita: WRITE ABRE_PARENTESES lista_write FECHA_PARENTESES •

    $padrão  reduzir usando a regra 39 (escrita)


Estado 154

   40 lista_write: lista_write VIRGULA • expressao

    ABRE_PARENTESES  deslocar, e ir ao estado 100
    IDENT            deslocar, e ir ao estado 101
    NUM              deslocar, e ir ao estado 102
    NOT              deslocar, e ir ao estado 103
    SUB              deslocar, e ir ao estado 104
    TRUE             deslocar, e ir ao estado 105
    FALSE            deslocar, e ir ao estado 106

    expressao          ir ao estado 180
    expressao_simples  ir ao estado 108
    termo              ir ao estado 109
    fator              ir ao estado 110


Estado 155

   91 declaraParams: VAR $@18 declaraParam • DOIS_PONTOS tipoParam
   92 declaraParam: declaraParam • VIRGULA IDENT

    VIRGULA      deslocar, e ir ao estado 157
    DOIS_PONTOS  deslocar, e ir ao estado 181


Estado 156

   86 listaParamsForms: listaParamsForms PONTO_E_VIRGULA declaraParams •

    $padrão  reduzir usando a regra 86 (listaParamsForms)


Estado 157

   92 declaraParam: declaraParam VIRGULA • IDENT

    IDENT  deslocar, e ir ao estado 182


Estado 158

   89 declaraParams: $@17 declaraParam DOIS_PONTOS • tipoParam

    IDENT  deslocar, e ir ao estado 183

    tipoParam  ir ao estado 184


Estado 159

   98 blocoPF: parte_declara_rotulos parte_declara_vars • $@19 parte_declara_procs $@20 comando_composto $@21 PONTO_E_VIRGULA

    $padrão  reduzir usando a regra 95 ($@19)

    $@19  ir ao estado 185


Estado 160

  112 declara_func: FUNCTION $@25 IDENT $@26 paramsFormais DOIS_PONTOS tipoFunc PONTO_E_VIRGULA • blocoPF

    LABEL  deslocar, e ir ao estado 13

    $padrão  reduzir usando a regra 118 (parte_declara_rotulos)

    blocoPF                ir ao estado 186
    parte_declara_rotulos  ir ao estado 124


Estado 161

  103 paramsProc: ABRE_PARENTESES $@22 • listaParams FECHA_PARENTESES

    $padrão  reduzir usando a regra 106 ($@24)

    listaParams  ir ao estado 187
    $@24         ir ao estado 188


Estado 162

   67 fator: ABRE_PARENTESES expressao FECHA_PARENTESES •

    $padrão  reduzir usando a regra 67 (fator)


Estado 163

   63 fator: IDENT $@10 atribui •

    $padrão  reduzir usando a regra 63 (fator)


Estado 164

  115 atribui: $@27 • paramsProc

    ABRE_PARENTESES  deslocar, e ir ao estado 128

    paramsProc  ir ao estado 189


Estado 165

   45 expressao: expressao MAIOR expressao_simples •
   52 expressao_simples: expressao_simples • SOMA termo
   53                  | expressao_simples • SUB termo
   54                  | expressao_simples • OR termo

    OR    deslocar, e ir ao estado 144
    SOMA  deslocar, e ir ao estado 145
    SUB   deslocar, e ir ao estado 146

    $padrão  reduzir usando a regra 45 (expressao)


Estado 166

   46 expressao: expressao MAIOR_IGUAL expressao_simples •
   52 expressao_simples: expressao_simples • SOMA termo
   53                  | expressao_simples • SUB termo
   54                  | expressao_simples • OR termo

    OR    deslocar, e ir ao estado 144
    SOMA  deslocar, e ir ao estado 145
    SUB   deslocar, e ir ao estado 146

    $padrão  reduzir usando a regra 46 (expressao)


Estado 167

   47 expressao: expressao MENOR expressao_simples •
   52 expressao_simples: expressao_simples • SOMA termo
   53                  | expressao_simples • SUB termo
   54                  | expressao_simples • OR termo

    OR    deslocar, e ir ao estado 144
    SOMA  deslocar, e ir ao estado 145
    SUB   deslocar, e ir ao estado 146

    $padrão  reduzir usando a regra 47 (expressao)


Estado 168

   48 expressao: expressao MENOR_IGUAL expressao_simples •
   52 expressao_simples: expressao_simples • SOMA termo
   53                  | expressao_simples • SUB termo
   54                  | expressao_simples • OR termo

    OR    deslocar, e ir ao estado 144
    SOMA  deslocar, e ir ao estado 145
    SUB   deslocar, e ir ao estado 146

    $padrão  reduzir usando a regra 48 (expressao)


Estado 169

   49 expressao: expressao IGUAL expressao_simples •
   52 expressao_simples: expressao_simples • SOMA termo
   53                  | expressao_simples • SUB termo
   54                  | expressao_simples • OR termo

    OR    deslocar, e ir ao estado 144
    SOMA  deslocar, e ir ao estado 145
    SUB   deslocar, e ir ao estado 146

    $padrão  reduzir usando a regra 49 (expressao)


Estado 170

   50 expressao: expressao DESIGUAL expressao_simples •
   52 expressao_simples: expressao_simples • SOMA termo
   53                  | expressao_simples • SUB termo
   54                  | expressao_simples • OR termo

    OR    deslocar, e ir ao estado 144
    SOMA  deslocar, e ir ao estado 145
    SUB   deslocar, e ir ao estado 146

    $padrão  reduzir usando a regra 50 (expressao)


Estado 171

   75 if_then: IF $@13 expressao $@14 THEN • comando_sem_rotulo

    T_BEGIN  deslocar, e ir ao estado 48
    IDENT    deslocar, e ir ao estado 55
    GOTO     deslocar, e ir ao estado 57
    IF       deslocar, e ir ao estado 58
    WHILE    deslocar, e ir ao estado 59
    READ     deslocar, e ir ao estado 60
    WRITE    deslocar, e ir ao estado 61

    comando_composto    ir ao estado 62
    comando_sem_rotulo  ir ao estado 190
    leitura             ir ao estado 67
    escrita             ir ao estado 68
    repeticao           ir ao estado 69
    condicional         ir ao estado 70
    if_then             ir ao estado 71
    desvio              ir ao estado 72


Estado 172

   54 expressao_simples: expressao_simples OR termo •
   56 termo: termo • MULT fator
   57      | termo • DIV fator
   58      | termo • AND fator

    AND   deslocar, e ir ao estado 147
    MULT  deslocar, e ir ao estado 148
    DIV   deslocar, e ir ao estado 149

    $padrão  reduzir usando a regra 54 (expressao_simples)


Estado 173

   52 expressao_simples: expressao_simples SOMA termo •
   56 termo: termo • MULT fator
   57      | termo • DIV fator
   58      | termo • AND fator

    AND   deslocar, e ir ao estado 147
    MULT  deslocar, e ir ao estado 148
    DIV   deslocar, e ir ao estado 149

    $padrão  reduzir usando a regra 52 (expressao_simples)


Estado 174

   53 expressao_simples: expressao_simples SUB termo •
   56 termo: termo • MULT fator
   57      | termo • DIV fator
   58      | termo • AND fator

    AND   deslocar, e ir ao estado 147
    MULT  deslocar, e ir ao estado 148
    DIV   deslocar, e ir ao estado 149

    $padrão  reduzir usando a regra 53 (expressao_simples)


Estado 175

   58 termo: termo AND fator •

    $padrão  reduzir usando a regra 58 (termo)


Estado 176

   56 termo: termo MULT fator •

    $padrão  reduzir usando a regra 56 (termo)


Estado 177

   57 termo: termo DIV fator •

    $padrão  reduzir usando a regra 57 (termo)


Estado 178

   70 repeticao: WHILE $@11 expressao DO $@12 • comando

    T_BEGIN  deslocar, e ir ao estado 48
    IDENT    deslocar, e ir ao estado 55
    NUM      deslocar, e ir ao estado 56
    GOTO     deslocar, e ir ao estado 57
    IF       deslocar, e ir ao estado 58
    WHILE    deslocar, e ir ao estado 59
    READ     deslocar, e ir ao estado 60
    WRITE    deslocar, e ir ao estado 61

    $padrão  reduzir usando a regra 27 (comando_vazio)

    comando_composto    ir ao estado 62
    comando             ir ao estado 191
    comando_vazio       ir ao estado 65
    comando_sem_rotulo  ir ao estado 66
    leitura             ir ao estado 67
    escrita             ir ao estado 68
    repeticao           ir ao estado 69
    condicional         ir ao estado 70
    if_then             ir ao estado 71
    desvio              ir ao estado 72


Estado 179

   37 lista_read: lista_read VIRGULA IDENT •

    $padrão  reduzir usando a regra 37 (lista_read)


Estado 180

   40 lista_write: lista_write VIRGULA expressao •
   45 expressao: expressao • MAIOR expressao_simples
   46          | expressao • MAIOR_IGUAL expressao_simples
   47          | expressao • MENOR expressao_simples
   48          | expressao • MENOR_IGUAL expressao_simples
   49          | expressao • IGUAL expressao_simples
   50          | expressao • DESIGUAL expressao_simples

    MAIOR        deslocar, e ir ao estado 137
    MAIOR_IGUAL  deslocar, e ir ao estado 138
    MENOR        deslocar, e ir ao estado 139
    MENOR_IGUAL  deslocar, e ir ao estado 140
    IGUAL        deslocar, e ir ao estado 141
    DESIGUAL     deslocar, e ir ao estado 142

    $padrão  reduzir usando a regra 40 (lista_write)


Estado 181

   91 declaraParams: VAR $@18 declaraParam DOIS_PONTOS • tipoParam

    IDENT  deslocar, e ir ao estado 183

    tipoParam  ir ao estado 192


Estado 182

   92 declaraParam: declaraParam VIRGULA IDENT •

    $padrão  reduzir usando a regra 92 (declaraParam)


Estado 183

   94 tipoParam: IDENT •

    $padrão  reduzir usando a regra 94 (tipoParam)


Estado 184

   89 declaraParams: $@17 declaraParam DOIS_PONTOS tipoParam •

    $padrão  reduzir usando a regra 89 (declaraParams)


Estado 185

   98 blocoPF: parte_declara_rotulos parte_declara_vars $@19 • parte_declara_procs $@20 comando_composto $@21 PONTO_E_VIRGULA

    PROCEDURE  deslocar, e ir ao estado 27
    FUNCTION   deslocar, e ir ao estado 28

    $padrão  reduzir usando a regra 27 (comando_vazio)

    comando_vazio        ir ao estado 29
    parte_declara_procs  ir ao estado 193
    declara_procs        ir ao estado 31
    declara_proc         ir ao estado 32
    declara_funcs        ir ao estado 33
    declara_func         ir ao estado 34


Estado 186

  112 declara_func: FUNCTION $@25 IDENT $@26 paramsFormais DOIS_PONTOS tipoFunc PONTO_E_VIRGULA blocoPF •

    $padrão  reduzir usando a regra 112 (declara_func)


Estado 187

  103 paramsProc: ABRE_PARENTESES $@22 listaParams • FECHA_PARENTESES
  105 listaParams: listaParams • VIRGULA $@23 expressao

    FECHA_PARENTESES  deslocar, e ir ao estado 194
    VIRGULA           deslocar, e ir ao estado 195


Estado 188

  107 listaParams: $@24 • expressao

    ABRE_PARENTESES  deslocar, e ir ao estado 100
    IDENT            deslocar, e ir ao estado 101
    NUM              deslocar, e ir ao estado 102
    NOT              deslocar, e ir ao estado 103
    SUB              deslocar, e ir ao estado 104
    TRUE             deslocar, e ir ao estado 105
    FALSE            deslocar, e ir ao estado 106

    expressao          ir ao estado 196
    expressao_simples  ir ao estado 108
    termo              ir ao estado 109
    fator              ir ao estado 110


Estado 189

  115 atribui: $@27 paramsProc •

    $padrão  reduzir usando a regra 115 (atribui)


Estado 190

   75 if_then: IF $@13 expressao $@14 THEN comando_sem_rotulo •

    $padrão  reduzir usando a regra 75 (if_then)


Estado 191

   70 repeticao: WHILE $@11 expressao DO $@12 comando •

    $padrão  reduzir usando a regra 70 (repeticao)


Estado 192

   91 declaraParams: VAR $@18 declaraParam DOIS_PONTOS tipoParam •

    $padrão  reduzir usando a regra 91 (declaraParams)


Estado 193

   98 blocoPF: parte_declara_rotulos parte_declara_vars $@19 parte_declara_procs • $@20 comando_composto $@21 PONTO_E_VIRGULA

    $padrão  reduzir usando a regra 96 ($@20)

    $@20  ir ao estado 197


Estado 194

  103 paramsProc: ABRE_PARENTESES $@22 listaParams FECHA_PARENTESES •

    $padrão  reduzir usando a regra 103 (paramsProc)


Estado 195

  105 listaParams: listaParams VIRGULA • $@23 expressao

    $padrão  reduzir usando a regra 104 ($@23)

    $@23  ir ao estado 198


Estado 196

   45 expressao: expressao • MAIOR expressao_simples
   46          | expressao • MAIOR_IGUAL expressao_simples
   47          | expressao • MENOR expressao_simples
   48          | expressao • MENOR_IGUAL expressao_simples
   49          | expressao • IGUAL expressao_simples
   50          | expressao • DESIGUAL expressao_simples
  107 listaParams: $@24 expressao •

    MAIOR        deslocar, e ir ao estado 137
    MAIOR_IGUAL  deslocar, e ir ao estado 138
    MENOR        deslocar, e ir ao estado 139
    MENOR_IGUAL  deslocar, e ir ao estado 140
    IGUAL        deslocar, e ir ao estado 141
    DESIGUAL     deslocar, e ir ao estado 142

    $padrão  reduzir usando a regra 107 (listaParams)


Estado 197

   98 blocoPF: parte_declara_rotulos parte_declara_vars $@19 parte_declara_procs $@20 • comando_composto $@21 PONTO_E_VIRGULA

    T_BEGIN  deslocar, e ir ao estado 48

    comando_composto  ir ao estado 199


Estado 198

  105 listaParams: listaParams VIRGULA $@23 • expressao

    ABRE_PARENTESES  deslocar, e ir ao estado 100
    IDENT            deslocar, e ir ao estado 101
    NUM              deslocar, e ir ao estado 102
    NOT              deslocar, e ir ao estado 103
    SUB              deslocar, e ir ao estado 104
    TRUE             deslocar, e ir ao estado 105
    FALSE            deslocar, e ir ao estado 106

    expressao          ir ao estado 200
    expressao_simples  ir ao estado 108
    termo              ir ao estado 109
    fator              ir ao estado 110


Estado 199

   98 blocoPF: parte_declara_rotulos parte_declara_vars $@19 parte_declara_procs $@20 comando_composto • $@21 PONTO_E_VIRGULA

    $padrão  reduzir usando a regra 97 ($@21)

    $@21  ir ao estado 201


Estado 200

   45 expressao: expressao • MAIOR expressao_simples
   46          | expressao • MAIOR_IGUAL expressao_simples
   47          | expressao • MENOR expressao_simples
   48          | expressao • MENOR_IGUAL expressao_simples
   49          | expressao • IGUAL expressao_simples
   50          | expressao • DESIGUAL expressao_simples
  105 listaParams: listaParams VIRGULA $@23 expressao •

    MAIOR        deslocar, e ir ao estado 137
    MAIOR_IGUAL  deslocar, e ir ao estado 138
    MENOR        deslocar, e ir ao estado 139
    MENOR_IGUAL  deslocar, e ir ao estado 140
    IGUAL        deslocar, e ir ao estado 141
    DESIGUAL     deslocar, e ir ao estado 142

    $padrão  reduzir usando a regra 105 (listaParams)


Estado 201

   98 blocoPF: parte_declara_rotulos parte_declara_vars $@19 parte_declara_procs $@20 comando_composto $@21 • PONTO_E_VIRGULA

    PONTO_E_VIRGULA  deslocar, e ir ao estado 202


Estado 202

   98 blocoPF: parte_declara_rotulos parte_declara_vars $@19 parte_declara_procs $@20 comando_composto $@21 PONTO_E_VIRGULA •

    $padrão  reduzir usando a regra 98 (blocoPF)
