Terminals unused in grammar

    PROCEDURE
    FUNCTION
    GOTO
    IF
    THEN
    ELSE
    WHILE
    DO
    ARRAY
    OF
    LABEL
    TYPE
    AND
    OR
    NOT
    DIV


Grammar

    0 $accept: programa $end

    1 $@1: %empty

    2 programa: $@1 PROGRAM IDENT ABRE_PARENTESES lista_idents FECHA_PARENTESES PONTO_E_VIRGULA bloco PONTO

    3 $@2: %empty

    4 bloco: parte_declara_vars $@2 comando_composto

    5 parte_declara_vars: var

    6 $@3: %empty

    7 var: $@3 VAR declara_vars
    8    | %empty

    9 declara_vars: declara_vars declara_var
   10             | declara_var

   11 declara_var: lista_id_var DOIS_PONTOS tipo PONTO_E_VIRGULA

   12 tipo: IDENT

   13 lista_id_var: lista_id_var VIRGULA IDENT
   14             | IDENT

   15 lista_idents: lista_idents VIRGULA IDENT
   16             | IDENT

   17 comando_composto: T_BEGIN comandos T_END

   18 comandos: atribuicao
   19         | %empty

   20 atribuicao: IDENT ATRIBUICAO NUM PONTO_E_VIRGULA


Terminals, with rules where they appear

    $end (0) 0
    error (256)
    PROGRAM (258) 2
    ABRE_PARENTESES (259) 2
    FECHA_PARENTESES (260) 2
    VIRGULA (261) 13 15
    PONTO_E_VIRGULA (262) 2 11 20
    DOIS_PONTOS (263) 11
    PONTO (264) 2
    T_BEGIN (265) 17
    T_END (266) 17
    VAR (267) 7
    IDENT (268) 2 12 13 14 15 16 20
    NUM (269) 20
    ATRIBUICAO (270) 20
    PROCEDURE (271)
    FUNCTION (272)
    GOTO (273)
    IF (274)
    THEN (275)
    ELSE (276)
    WHILE (277)
    DO (278)
    ARRAY (279)
    OF (280)
    LABEL (281)
    TYPE (282)
    AND (283)
    OR (284)
    NOT (285)
    DIV (286)


Nonterminals, with rules where they appear

    $accept (32)
        on left: 0
    programa (33)
        on left: 2
        on right: 0
    $@1 (34)
        on left: 1
        on right: 2
    bloco (35)
        on left: 4
        on right: 2
    $@2 (36)
        on left: 3
        on right: 4
    parte_declara_vars (37)
        on left: 5
        on right: 4
    var (38)
        on left: 7 8
        on right: 5
    $@3 (39)
        on left: 6
        on right: 7
    declara_vars (40)
        on left: 9 10
        on right: 7 9
    declara_var (41)
        on left: 11
        on right: 9 10
    tipo (42)
        on left: 12
        on right: 11
    lista_id_var (43)
        on left: 13 14
        on right: 11 13
    lista_idents (44)
        on left: 15 16
        on right: 2 15
    comando_composto (45)
        on left: 17
        on right: 4
    comandos (46)
        on left: 18 19
        on right: 17
    atribuicao (47)
        on left: 20
        on right: 18


State 0

    0 $accept: . programa $end

    $default  reduce using rule 1 ($@1)

    programa  go to state 1
    $@1       go to state 2


State 1

    0 $accept: programa . $end

    $end  shift, and go to state 3


State 2

    2 programa: $@1 . PROGRAM IDENT ABRE_PARENTESES lista_idents FECHA_PARENTESES PONTO_E_VIRGULA bloco PONTO

    PROGRAM  shift, and go to state 4


State 3

    0 $accept: programa $end .

    $default  accept


State 4

    2 programa: $@1 PROGRAM . IDENT ABRE_PARENTESES lista_idents FECHA_PARENTESES PONTO_E_VIRGULA bloco PONTO

    IDENT  shift, and go to state 5


State 5

    2 programa: $@1 PROGRAM IDENT . ABRE_PARENTESES lista_idents FECHA_PARENTESES PONTO_E_VIRGULA bloco PONTO

    ABRE_PARENTESES  shift, and go to state 6


State 6

    2 programa: $@1 PROGRAM IDENT ABRE_PARENTESES . lista_idents FECHA_PARENTESES PONTO_E_VIRGULA bloco PONTO

    IDENT  shift, and go to state 7

    lista_idents  go to state 8


State 7

   16 lista_idents: IDENT .

    $default  reduce using rule 16 (lista_idents)


State 8

    2 programa: $@1 PROGRAM IDENT ABRE_PARENTESES lista_idents . FECHA_PARENTESES PONTO_E_VIRGULA bloco PONTO
   15 lista_idents: lista_idents . VIRGULA IDENT

    FECHA_PARENTESES  shift, and go to state 9
    VIRGULA           shift, and go to state 10


State 9

    2 programa: $@1 PROGRAM IDENT ABRE_PARENTESES lista_idents FECHA_PARENTESES . PONTO_E_VIRGULA bloco PONTO

    PONTO_E_VIRGULA  shift, and go to state 11


State 10

   15 lista_idents: lista_idents VIRGULA . IDENT

    IDENT  shift, and go to state 12


State 11

    2 programa: $@1 PROGRAM IDENT ABRE_PARENTESES lista_idents FECHA_PARENTESES PONTO_E_VIRGULA . bloco PONTO

    T_BEGIN   reduce using rule 8 (var)
    $default  reduce using rule 6 ($@3)

    bloco               go to state 13
    parte_declara_vars  go to state 14
    var                 go to state 15
    $@3                 go to state 16


State 12

   15 lista_idents: lista_idents VIRGULA IDENT .

    $default  reduce using rule 15 (lista_idents)


State 13

    2 programa: $@1 PROGRAM IDENT ABRE_PARENTESES lista_idents FECHA_PARENTESES PONTO_E_VIRGULA bloco . PONTO

    PONTO  shift, and go to state 17


State 14

    4 bloco: parte_declara_vars . $@2 comando_composto

    $default  reduce using rule 3 ($@2)

    $@2  go to state 18


State 15

    5 parte_declara_vars: var .

    $default  reduce using rule 5 (parte_declara_vars)


State 16

    7 var: $@3 . VAR declara_vars

    VAR  shift, and go to state 19


State 17

    2 programa: $@1 PROGRAM IDENT ABRE_PARENTESES lista_idents FECHA_PARENTESES PONTO_E_VIRGULA bloco PONTO .

    $default  reduce using rule 2 (programa)


State 18

    4 bloco: parte_declara_vars $@2 . comando_composto

    T_BEGIN  shift, and go to state 20

    comando_composto  go to state 21


State 19

    7 var: $@3 VAR . declara_vars

    IDENT  shift, and go to state 22

    declara_vars  go to state 23
    declara_var   go to state 24
    lista_id_var  go to state 25


State 20

   17 comando_composto: T_BEGIN . comandos T_END

    IDENT  shift, and go to state 26

    $default  reduce using rule 19 (comandos)

    comandos    go to state 27
    atribuicao  go to state 28


State 21

    4 bloco: parte_declara_vars $@2 comando_composto .

    $default  reduce using rule 4 (bloco)


State 22

   14 lista_id_var: IDENT .

    $default  reduce using rule 14 (lista_id_var)


State 23

    7 var: $@3 VAR declara_vars .
    9 declara_vars: declara_vars . declara_var

    IDENT  shift, and go to state 22

    $default  reduce using rule 7 (var)

    declara_var   go to state 29
    lista_id_var  go to state 25


State 24

   10 declara_vars: declara_var .

    $default  reduce using rule 10 (declara_vars)


State 25

   11 declara_var: lista_id_var . DOIS_PONTOS tipo PONTO_E_VIRGULA
   13 lista_id_var: lista_id_var . VIRGULA IDENT

    VIRGULA      shift, and go to state 30
    DOIS_PONTOS  shift, and go to state 31


State 26

   20 atribuicao: IDENT . ATRIBUICAO NUM PONTO_E_VIRGULA

    ATRIBUICAO  shift, and go to state 32


State 27

   17 comando_composto: T_BEGIN comandos . T_END

    T_END  shift, and go to state 33


State 28

   18 comandos: atribuicao .

    $default  reduce using rule 18 (comandos)


State 29

    9 declara_vars: declara_vars declara_var .

    $default  reduce using rule 9 (declara_vars)


State 30

   13 lista_id_var: lista_id_var VIRGULA . IDENT

    IDENT  shift, and go to state 34


State 31

   11 declara_var: lista_id_var DOIS_PONTOS . tipo PONTO_E_VIRGULA

    IDENT  shift, and go to state 35

    tipo  go to state 36


State 32

   20 atribuicao: IDENT ATRIBUICAO . NUM PONTO_E_VIRGULA

    NUM  shift, and go to state 37


State 33

   17 comando_composto: T_BEGIN comandos T_END .

    $default  reduce using rule 17 (comando_composto)


State 34

   13 lista_id_var: lista_id_var VIRGULA IDENT .

    $default  reduce using rule 13 (lista_id_var)


State 35

   12 tipo: IDENT .

    $default  reduce using rule 12 (tipo)


State 36

   11 declara_var: lista_id_var DOIS_PONTOS tipo . PONTO_E_VIRGULA

    PONTO_E_VIRGULA  shift, and go to state 38


State 37

   20 atribuicao: IDENT ATRIBUICAO NUM . PONTO_E_VIRGULA

    PONTO_E_VIRGULA  shift, and go to state 39


State 38

   11 declara_var: lista_id_var DOIS_PONTOS tipo PONTO_E_VIRGULA .

    $default  reduce using rule 11 (declara_var)


State 39

   20 atribuicao: IDENT ATRIBUICAO NUM PONTO_E_VIRGULA .

    $default  reduce using rule 20 (atribuicao)
