make all --print-data-base --no-builtin-variables --no-builtin-rules --question
# GNU Make 4.2.1
# Built for x86_64-pc-linux-gnu
# Copyright (C) 1988-2016 Free Software Foundation, Inc.
# License GPLv3+: GNU GPL version 3 or later <http://gnu.org/licenses/gpl.html>
# This is free software: you are free to change and redistribute it.
# There is NO WARRANTY, to the extent permitted by law.

# Make data base, printed on Wed Aug 24 10:19:17 2022

# Variables

# 'override' directive
GNUMAKEFLAGS := 
# automatic
<D = $(patsubst %/,%,$(dir $<))
# automatic
?F = $(notdir $?)
# environment
PAPERSIZE = a4
# environment
DESKTOP_SESSION = pop
# default
.SHELLFLAGS := -c
# environment
XDG_SESSION_CLASS = user
# environment
XDG_SESSION_TYPE = x11
# automatic
?D = $(patsubst %/,%,$(dir $?))
# automatic
@D = $(patsubst %/,%,$(dir $@))
# environment
XAUTHORITY = /run/user/1000/gdm/Xauthority
# environment
GDMSESSION = pop
# environment
XMODIFIERS = @im=ibus
# makefile
CURDIR := /home/ner0/ufpr/paradigmas/T1
# makefile
SHELL = /bin/sh
# environment
VTE_VERSION = 6003
# environment
VSCODE_NLS_CONFIG = {"locale":"pt-br","availableLanguages":{"*":"pt-br"},"_languagePackId":"8e7a008e83c664b9876a8f72ff0490ae.pt-br","_translationsConfigFile":"/home/ner0/.config/Code/clp/8e7a008e83c664b9876a8f72ff0490ae.pt-br/tcf.json","_cacheRoot":"/home/ner0/.config/Code/clp/8e7a008e83c664b9876a8f72ff0490ae.pt-br","_resolvedLanguagePackCoreLocation":"/home/ner0/.config/Code/clp/8e7a008e83c664b9876a8f72ff0490ae.pt-br/e4503b30fc78200f846c62cf8091b76ff5547662","_corruptedFile":"/home/ner0/.config/Code/clp/8e7a008e83c664b9876a8f72ff0490ae.pt-br/corrupted.info","_languagePackSupport":true}
# environment
JOURNAL_STREAM = 8:51478
# environment
XDG_CONFIG_DIRS = /etc/xdg/xdg-pop:/etc/xdg
# environment
_tide_location_color = [38;2;0;0;0m
# makefile (from 'makefile', line 1)
MAKEFILE_LIST :=  makefile
# automatic
@F = $(notdir $@)
# environment
IM_CONFIG_PHASE = 1
# environment
USERNAME = ner0
# environment
MAKELEVEL := 0
# environment
MANDATORY_PATH = /usr/share/gconf/pop.mandatory.path
# environment
XDG_DATA_DIRS = /usr/share/pop:/home/ner0/.local/share/flatpak/exports/share:/var/lib/flatpak/exports/share:/usr/local/share:/usr/share
# environment
DBUS_SESSION_BUS_ADDRESS = unix:path=/run/user/1000/bus,guid=c442d99c22cdd18c7dcb5bc863061297
# environment
_tide_pad = $(subst ,, )
# environment
MANAGERPID = 3123
# environment
LC_NAME = pt_BR.UTF-8
# environment
VSCODE_CWD = /home/ner0/ufpr/paradigmas/T1
# default
MAKE_HOST := x86_64-pc-linux-gnu
# environment
PATH = /usr/local/sbin:/usr/local/bin:/usr/sbin:/usr/bin:/sbin:/bin:/usr/games:/usr/local/games:/snap/bin
# environment
GPG_AGENT_INFO = /run/user/1000/gnupg/S.gpg-agent:0:1
# environment
SESSION_MANAGER = local/pop-os:@/tmp/.ICE-unix/3400,unix/pop-os:/tmp/.ICE-unix/3400
# environment
XDG_RUNTIME_DIR = /run/user/1000
# environment
_tide_color_separator_same_color = [38;2;148;148;148m
# environment
XDG_MENU_PREFIX = gnome-
# environment
ELECTRON_RUN_AS_NODE = 1
# environment
INVOCATION_ID = 7986a300011c466d9a3b40931d525637
# default
.FEATURES := target-specific order-only second-expansion else-if shortest-stem undefine oneshell archives jobserver output-sync check-symlink load
# environment
XDG_SESSION_DESKTOP = pop
# environment
SSH_AUTH_SOCK = /run/user/1000/keyring/ssh
# automatic
%F = $(notdir $%)
# environment
DISPLAY = :1
# environment
PWD = /home/ner0/ufpr/paradigmas/T1
# default
.LOADED := 
# environment
SSH_AGENT_PID = 3345
# environment
ORIGINAL_XDG_CURRENT_DESKTOP = pop:GNOME
# environment
GTK_MODULES = gail:atk-bridge:appmenu-gtk-module
# environment
VSCODE_AMD_ENTRYPOINT = vs/workbench/api/node/extensionHostProcess
# environment
HOME = /home/ner0
# environment
INSIDE_NAUTILUS_PYTHON = 
# environment
VSCODE_CLI = 1
# environment
VSCODE_CODE_CACHE_PATH = /home/ner0/.config/Code/CachedData/e4503b30fc78200f846c62cf8091b76ff5547662
# environment
LOGNAME = ner0
# environment
APPLICATION_INSIGHTS_NO_DIAGNOSTIC_CHANNEL = 1
# automatic
+F = $(notdir $+)
# makefile (from 'makefile', line 10)
CLASSES = Disciplina.java ListaDisc2011.java ListaDisc2019.java Main.java 
# environment
ELECTRON_NO_ATTACH_CONSOLE = 1
# environment
VSCODE_HANDLES_UNCAUGHT_ERRORS = true
# environment
GNOME_DESKTOP_SESSION_ID = this-is-deprecated
# automatic
^D = $(patsubst %/,%,$(dir $^))
# environment
LC_TIME = pt_BR.UTF-8
# environment
COLORTERM = truecolor
# default
MAKE = $(MAKE_COMMAND)
# default
MAKECMDGOALS := all
# environment
QT_IM_MODULE = ibus
# environment
SHLVL = 1
# environment
GNOME_SHELL_SESSION_MODE = pop
# default
MAKE_VERSION := 4.2.1
# environment
USER = ner0
# environment
LC_MONETARY = pt_BR.UTF-8
# makefile
.DEFAULT_GOAL := all
# environment
XDG_CURRENT_DESKTOP = Unity
# makefile (from 'makefile', line 1)
JC = javac
# automatic
%D = $(patsubst %/,%,$(dir $%))
# environment
LC_TELEPHONE = pt_BR.UTF-8
# default
MAKE_COMMAND := make
# default
.VARIABLES := 
# automatic
*F = $(notdir $*)
# environment
LANGUAGE = pt_BR:en
# environment
VSCODE_IPC_HOOK = /run/user/1000/vscode-c6efa6c8-1.70.2-main.sock
# makefile
MAKEFLAGS = pqrR
# environment
MFLAGS = -pqrR
# automatic
*D = $(patsubst %/,%,$(dir $*))
# automatic
+D = $(patsubst %/,%,$(dir $+))
# environment
GDK_BACKEND = x11
# environment
LC_PAPER = pt_BR.UTF-8
# environment
QT_ACCESSIBILITY = 1
# environment
DEFAULTS_PATH = /usr/share/gconf/pop.default.path
# default
MAKEFILES := 
# environment
LC_NUMERIC = pt_BR.UTF-8
# automatic
<F = $(notdir $<)
# environment
LC_MEASUREMENT = pt_BR.UTF-8
# environment
LC_ALL = C
# environment
DBUS_STARTER_BUS_TYPE = session
# environment
GNOME_TERMINAL_SCREEN = /org/gnome/Terminal/screen/70707f3c_13a5_45d6_ad08_da0ae0e0db0f
# automatic
^F = $(notdir $^)
# environment
GNOME_TERMINAL_SERVICE = :1.196
# default
SUFFIXES := 
# environment
CHROME_DESKTOP = code-url-handler.desktop
# environment
WINDOWPATH = 2
# default
.INCLUDE_DIRS = /usr/include /usr/local/include /usr/include
# environment
LC_IDENTIFICATION = pt_BR.UTF-8
# default
.RECIPEPREFIX := 
# environment
LC_ADDRESS = pt_BR.UTF-8
# environment
LANG = C
# environment
TERM = xterm-256color
# environment
VSCODE_PID = 46014
# environment
DBUS_STARTER_ADDRESS = unix:path=/run/user/1000/bus,guid=c442d99c22cdd18c7dcb5bc863061297
# variable set hash-table stats:
# Load=112/1024=11%, Rehash=0, Collisions=17/143=12%

# Pattern-specific Variable Values

# No pattern-specific variable values.

# Directories

# . (device 2067, inode 4473285): 12 files, no impossibilities.

# 12 files, no impossibilities in 1 directories.

# Implicit Rules

%.java:

%.class: %.java
#  recipe to execute (from 'makefile', line 4):
	$(JC) $(JFLAGS) $*.java

%.class:

# 3 implicit rules, 0 (0.0%) terminal.

# Files

# Not a target:
ListaDisc2011.class:
#  Implicit rule search has not been done.
#  Modification time never checked.
#  File has not been updated.

all: classes
#  Command line target.
#  Implicit rule search has not been done.
#  File does not exist.
#  File has been updated.
#  Needs to be updated (-q is set).
# variable set hash-table stats:
# Load=0/32=0%, Rehash=0, Collisions=0/5=0%
#  recipe to execute (from 'makefile', line 17):
	jar cfe T1.jar Main ./*.class

# Not a target:
Disciplina.java:
#  Implicit rule search has been done.
#  Last modified 2022-08-15 16:31:14
 
#  File has been updated.
#  Successfully updated.

.SUFFIXES: .java .class
#  Implicit rule search has not been done.
#  Modification time never checked.
#  File has not been updated.

# Not a target:
.class:
#  Implicit rule search has not been done.
#  Modification time never checked.
#  File has not been updated.

# Not a target:
makefile:
#  Implicit rule search has been done.
#  Last modified 2022-08-17 15:05:03
#  File has been updated.
#  Successfully updated.

classes: Disciplina.class ListaDisc2011.class ListaDisc2019.class Main.class
#  Implicit rule search has been done.
#  File does not exist.
#  File has been updated.
#  Needs to be updated (-q is set).
# variable set hash-table stats:
# Load=0/32=0%, Rehash=0, Collisions=0/5=0%

# Not a target:
ListaDisc2019.class:
#  Implicit rule search has not been done.
#  Modification time never checked.
#  File has not been updated.

# Not a target:
.DEFAULT:
#  Implicit rule search has not been done.
#  Modification time never checked.
#  File has not been updated.

# Not a target:
.java:
#  Implicit rule search has not been done.
#  Modification time never checked.
#  File has not been updated.

clean:
#  Implicit rule search has not been done.
#  Modification time never checked.
#  File has not been updated.
#  recipe to execute (from 'makefile', line 22):
	$(RM) *.class ./T1.jar

.java.class:
#  Implicit rule search has not been done.
#  Modification time never checked.
#  File has not been updated.
#  recipe to execute (from 'makefile', line 4):
	$(JC) $(JFLAGS) $*.java

Disciplina.class: Disciplina.java
#  Implicit rule search has been done.
#  Implicit/static pattern stem: 'Disciplina'
#  File does not exist.
#  File has been updated.
#  Needs to be updated (-q is set).
# automatic
# @ := Disciplina.class
# automatic
# % := 
# automatic
# * := Disciplina
# automatic
# + := Disciplina.java
# automatic
# | := 
# automatic
# < := Disciplina.java
# automatic
# ^ := Disciplina.java
# automatic
# ? := Disciplina.java
# variable set hash-table stats:
# Load=8/32=25%, Rehash=0, Collisions=1/14=7%
#  recipe to execute (from 'makefile', line 4):
	$(JC) $(JFLAGS) $*.java

# Not a target:
Main.class:
#  Implicit rule search has not been done.
#  Modification time never checked.
#  File has not been updated.

# files hash-table stats:
# Load=14/1024=1%, Rehash=0, Collisions=1/39=3%
# VPATH Search Paths

# No 'vpath' search paths.

# No general ('VPATH' variable) search path.

# strcache buffers: 1 (0) / strings = 29 / storage = 341 B / avg = 11 B
# current buf: size = 8162 B / used = 341 B / count = 29 / avg = 11 B

# strcache performance: lookups = 45 / hit rate = 35%
# hash-table stats:
# Load=29/8192=0%, Rehash=0, Collisions=5/45=11%
# Finished Make data base on Wed Aug 24 10:19:17 2022

 
