Terminals unused in grammar

    GOTO
    ARRAY
    OF
    LABEL
    TYPE
    NADA


Grammar

    0 $accept: programa $end

    1 $@1: %empty

    2 programa: $@1 PROGRAM IDENT ABRE_PARENTESES lista_idents FECHA_PARENTESES PONTO_E_VIRGULA bloco PONTO

    3 $@2: %empty

    4 $@3: %empty

    5 bloco: parte_declara_vars $@2 parte_declara_procs $@3 comando_composto

    6 parte_declara_vars: var

    7 $@4: %empty

    8 var: $@4 VAR declara_vars
    9    | %empty

   10 $@5: %empty

   11 declara_vars: declara_vars $@5 declara_var

   12 $@6: %empty

   13 declara_vars: $@6 declara_var

   14 declara_var: lista_id_var DOIS_PONTOS tipo PONTO_E_VIRGULA

   15 tipo: IDENT

   16 lista_id_var: lista_id_var VIRGULA IDENT
   17             | IDENT

   18 lista_idents: lista_idents VIRGULA IDENT
   19             | IDENT

   20 comando_composto: T_BEGIN comandos T_END

   21 comandos: comandos PONTO_E_VIRGULA comando
   22         | comando

   23 comando: comando_vazio
   24        | comando_sem_rotulo

   25 comando_vazio: %empty

   26 $@7: %empty

   27 comando_sem_rotulo: IDENT $@7 atribuicao_ou_proc
   28                   | leitura
   29                   | escrita
   30                   | repeticao
   31                   | condicional
   32                   | comando_composto

   33 leitura: READ ABRE_PARENTESES lista_read FECHA_PARENTESES

   34 lista_read: lista_read VIRGULA IDENT
   35           | IDENT

   36 escrita: WRITE ABRE_PARENTESES lista_write FECHA_PARENTESES

   37 lista_write: lista_write VIRGULA expressao
   38            | expressao

   39 atribuicao_ou_proc: ATRIBUICAO expressao
   40                   | chamaProc

   41 expressao: expressao MAIOR expressao_simples
   42          | expressao MAIOR_IGUAL expressao_simples
   43          | expressao MENOR expressao_simples
   44          | expressao MENOR_IGUAL expressao_simples
   45          | expressao IGUAL expressao_simples
   46          | expressao DESIGUAL expressao_simples
   47          | expressao_simples

   48 expressao_simples: expressao_simples SOMA termo
   49                  | expressao_simples SUB termo
   50                  | expressao_simples OR termo
   51                  | termo

   52 termo: termo MULT fator
   53      | termo DIV fator
   54      | termo AND fator
   55      | fator

   56 fator: NUM

   57 $@8: %empty

   58 fator: IDENT $@8 atribui
   59      | TRUE
   60      | FALSE
   61      | NOT fator
   62      | ABRE_PARENTESES expressao FECHA_PARENTESES

   63 $@9: %empty

   64 $@10: %empty

   65 repeticao: WHILE $@9 expressao DO $@10 comando

   66 condicional: if_then
   67            | if_then ELSE comando_sem_rotulo

   68 $@11: %empty

   69 $@12: %empty

   70 if_then: IF $@11 expressao $@12 THEN comando_sem_rotulo

   71 parte_declara_procs: declara_procs
   72                    | declara_funcs
   73                    | comando_vazio

   74 declara_procs: declara_procs declara_proc
   75              | declara_proc

   76 $@13: %empty

   77 $@14: %empty

   78 declara_proc: PROCEDURE $@13 IDENT $@14 paramsFormais PONTO_E_VIRGULA blocoPF

   79 paramsFormais: ABRE_PARENTESES listaParamsForms FECHA_PARENTESES
   80              | %empty

   81 listaParamsForms: listaParamsForms PONTO_E_VIRGULA declaraParams
   82                 | declaraParams

   83 $@15: %empty

   84 declaraParams: $@15 declaraParam DOIS_PONTOS tipoParam

   85 $@16: %empty

   86 declaraParams: VAR $@16 declaraParam DOIS_PONTOS tipoParam

   87 declaraParam: declaraParam VIRGULA IDENT
   88             | IDENT

   89 tipoParam: IDENT

   90 $@17: %empty

   91 $@18: %empty

   92 $@19: %empty

   93 blocoPF: parte_declara_vars $@17 parte_declara_procs $@18 comando_composto $@19 PONTO_E_VIRGULA

   94 chamaProc: chamaProcParams

   95 chamaProcParams: paramsProc
   96                | %empty

   97 $@20: %empty

   98 paramsProc: ABRE_PARENTESES $@20 listaParams FECHA_PARENTESES

   99 $@21: %empty

  100 listaParams: listaParams VIRGULA $@21 expressao

  101 $@22: %empty

  102 listaParams: $@22 expressao

  103 declara_funcs: declara_funcs declara_func
  104              | declara_func

  105 $@23: %empty

  106 $@24: %empty

  107 declara_func: FUNCTION $@23 IDENT $@24 paramsFormais DOIS_PONTOS tipoFunc PONTO_E_VIRGULA blocoPF

  108 tipoFunc: IDENT

  109 $@25: %empty

  110 atribui: $@25 paramsProc
  111        | %empty


Terminals, with rules where they appear

    $end (0) 0
    error (256)
    PROGRAM (258) 2
    ABRE_PARENTESES (259) 2 33 36 62 79 98
    FECHA_PARENTESES (260) 2 33 36 62 79 98
    VIRGULA (261) 16 18 34 37 87 100
    PONTO_E_VIRGULA (262) 2 14 21 78 81 93 107
    DOIS_PONTOS (263) 14 84 86 107
    PONTO (264) 2
    T_BEGIN (265) 20
    T_END (266) 20
    VAR (267) 8 86
    IDENT (268) 2 15 16 17 18 19 27 34 35 58 78 87 88 89 107 108
    NUM (269) 56
    ATRIBUICAO (270) 39
    PROCEDURE (271) 78
    FUNCTION (272) 107
    GOTO (273)
    IF (274) 70
    THEN (275) 70
    ELSE (276) 67
    WHILE (277) 65
    DO (278) 65
    ARRAY (279)
    OF (280)
    LABEL (281)
    TYPE (282)
    AND (283) 54
    OR (284) 50
    NOT (285) 61
    SOMA (286) 48
    SUB (287) 49
    MULT (288) 52
    DIV (289) 53
    TRUE (290) 59
    FALSE (291) 60
    READ (292) 33
    WRITE (293) 36
    MAIOR (294) 41
    MAIOR_IGUAL (295) 42
    MENOR (296) 43
    MENOR_IGUAL (297) 44
    IGUAL (298) 45
    DESIGUAL (299) 46
    LOWER_THAN_ELSE (300)
    NADA (301)


Nonterminals, with rules where they appear

    $accept (47)
        on left: 0
    programa (48)
        on left: 2
        on right: 0
    $@1 (49)
        on left: 1
        on right: 2
    bloco (50)
        on left: 5
        on right: 2
    $@2 (51)
        on left: 3
        on right: 5
    $@3 (52)
        on left: 4
        on right: 5
    parte_declara_vars (53)
        on left: 6
        on right: 5 93
    var (54)
        on left: 8 9
        on right: 6
    $@4 (55)
        on left: 7
        on right: 8
    declara_vars (56)
        on left: 11 13
        on right: 8 11
    $@5 (57)
        on left: 10
        on right: 11
    $@6 (58)
        on left: 12
        on right: 13
    declara_var (59)
        on left: 14
        on right: 11 13
    tipo (60)
        on left: 15
        on right: 14
    lista_id_var (61)
        on left: 16 17
        on right: 14 16
    lista_idents (62)
        on left: 18 19
        on right: 2 18
    comando_composto (63)
        on left: 20
        on right: 5 32 93
    comandos (64)
        on left: 21 22
        on right: 20 21
    comando (65)
        on left: 23 24
        on right: 21 22 65
    comando_vazio (66)
        on left: 25
        on right: 23 73
    comando_sem_rotulo (67)
        on left: 27 28 29 30 31 32
        on right: 24 67 70
    $@7 (68)
        on left: 26
        on right: 27
    leitura (69)
        on left: 33
        on right: 28
    lista_read (70)
        on left: 34 35
        on right: 33 34
    escrita (71)
        on left: 36
        on right: 29
    lista_write (72)
        on left: 37 38
        on right: 36 37
    atribuicao_ou_proc (73)
        on left: 39 40
        on right: 27
    expressao (74)
        on left: 41 42 43 44 45 46 47
        on right: 37 38 39 41 42 43 44 45 46 62 65 70 100 102
    expressao_simples (75)
        on left: 48 49 50 51
        on right: 41 42 43 44 45 46 47 48 49 50
    termo (76)
        on left: 52 53 54 55
        on right: 48 49 50 51 52 53 54
    fator (77)
        on left: 56 58 59 60 61 62
        on right: 52 53 54 55 61
    $@8 (78)
        on left: 57
        on right: 58
    repeticao (79)
        on left: 65
        on right: 30
    $@9 (80)
        on left: 63
        on right: 65
    $@10 (81)
        on left: 64
        on right: 65
    condicional (82)
        on left: 66 67
        on right: 31
    if_then (83)
        on left: 70
        on right: 66 67
    $@11 (84)
        on left: 68
        on right: 70
    $@12 (85)
        on left: 69
        on right: 70
    parte_declara_procs (86)
        on left: 71 72 73
        on right: 5 93
    declara_procs (87)
        on left: 74 75
        on right: 71 74
    declara_proc (88)
        on left: 78
        on right: 74 75
    $@13 (89)
        on left: 76
        on right: 78
    $@14 (90)
        on left: 77
        on right: 78
    paramsFormais (91)
        on left: 79 80
        on right: 78 107
    listaParamsForms (92)
        on left: 81 82
        on right: 79 81
    declaraParams (93)
        on left: 84 86
        on right: 81 82
    $@15 (94)
        on left: 83
        on right: 84
    $@16 (95)
        on left: 85
        on right: 86
    declaraParam (96)
        on left: 87 88
        on right: 84 86 87
    tipoParam (97)
        on left: 89
        on right: 84 86
    blocoPF (98)
        on left: 93
        on right: 78 107
    $@17 (99)
        on left: 90
        on right: 93
    $@18 (100)
        on left: 91
        on right: 93
    $@19 (101)
        on left: 92
        on right: 93
    chamaProc (102)
        on left: 94
        on right: 40
    chamaProcParams (103)
        on left: 95 96
        on right: 94
    paramsProc (104)
        on left: 98
        on right: 95 110
    $@20 (105)
        on left: 97
        on right: 98
    listaParams (106)
        on left: 100 102
        on right: 98 100
    $@21 (107)
        on left: 99
        on right: 100
    $@22 (108)
        on left: 101
        on right: 102
    declara_funcs (109)
        on left: 103 104
        on right: 72 103
    declara_func (110)
        on left: 107
        on right: 103 104
    $@23 (111)
        on left: 105
        on right: 107
    $@24 (112)
        on left: 106
        on right: 107
    tipoFunc (113)
        on left: 108
        on right: 107
    atribui (114)
        on left: 110 111
        on right: 58
    $@25 (115)
        on left: 109
        on right: 110


State 0

    0 $accept: . programa $end

    $default  reduce using rule 1 ($@1)

    programa  go to state 1
    $@1       go to state 2


State 1

    0 $accept: programa . $end

    $end  shift, and go to state 3


State 2

    2 programa: $@1 . PROGRAM IDENT ABRE_PARENTESES lista_idents FECHA_PARENTESES PONTO_E_VIRGULA bloco PONTO

    PROGRAM  shift, and go to state 4


State 3

    0 $accept: programa $end .

    $default  accept


State 4

    2 programa: $@1 PROGRAM . IDENT ABRE_PARENTESES lista_idents FECHA_PARENTESES PONTO_E_VIRGULA bloco PONTO

    IDENT  shift, and go to state 5


State 5

    2 programa: $@1 PROGRAM IDENT . ABRE_PARENTESES lista_idents FECHA_PARENTESES PONTO_E_VIRGULA bloco PONTO

    ABRE_PARENTESES  shift, and go to state 6


State 6

    2 programa: $@1 PROGRAM IDENT ABRE_PARENTESES . lista_idents FECHA_PARENTESES PONTO_E_VIRGULA bloco PONTO

    IDENT  shift, and go to state 7

    lista_idents  go to state 8


State 7

   19 lista_idents: IDENT .

    $default  reduce using rule 19 (lista_idents)


State 8

    2 programa: $@1 PROGRAM IDENT ABRE_PARENTESES lista_idents . FECHA_PARENTESES PONTO_E_VIRGULA bloco PONTO
   18 lista_idents: lista_idents . VIRGULA IDENT

    FECHA_PARENTESES  shift, and go to state 9
    VIRGULA           shift, and go to state 10


State 9

    2 programa: $@1 PROGRAM IDENT ABRE_PARENTESES lista_idents FECHA_PARENTESES . PONTO_E_VIRGULA bloco PONTO

    PONTO_E_VIRGULA  shift, and go to state 11


State 10

   18 lista_idents: lista_idents VIRGULA . IDENT

    IDENT  shift, and go to state 12


State 11

    2 programa: $@1 PROGRAM IDENT ABRE_PARENTESES lista_idents FECHA_PARENTESES PONTO_E_VIRGULA . bloco PONTO

    VAR       reduce using rule 7 ($@4)
    $default  reduce using rule 9 (var)

    bloco               go to state 13
    parte_declara_vars  go to state 14
    var                 go to state 15
    $@4                 go to state 16


State 12

   18 lista_idents: lista_idents VIRGULA IDENT .

    $default  reduce using rule 18 (lista_idents)


State 13

    2 programa: $@1 PROGRAM IDENT ABRE_PARENTESES lista_idents FECHA_PARENTESES PONTO_E_VIRGULA bloco . PONTO

    PONTO  shift, and go to state 17


State 14

    5 bloco: parte_declara_vars . $@2 parte_declara_procs $@3 comando_composto

    $default  reduce using rule 3 ($@2)

    $@2  go to state 18


State 15

    6 parte_declara_vars: var .

    $default  reduce using rule 6 (parte_declara_vars)


State 16

    8 var: $@4 . VAR declara_vars

    VAR  shift, and go to state 19


State 17

    2 programa: $@1 PROGRAM IDENT ABRE_PARENTESES lista_idents FECHA_PARENTESES PONTO_E_VIRGULA bloco PONTO .

    $default  reduce using rule 2 (programa)


State 18

    5 bloco: parte_declara_vars $@2 . parte_declara_procs $@3 comando_composto

    PROCEDURE  shift, and go to state 20
    FUNCTION   shift, and go to state 21

    $default  reduce using rule 25 (comando_vazio)

    comando_vazio        go to state 22
    parte_declara_procs  go to state 23
    declara_procs        go to state 24
    declara_proc         go to state 25
    declara_funcs        go to state 26
    declara_func         go to state 27


State 19

    8 var: $@4 VAR . declara_vars

    $default  reduce using rule 12 ($@6)

    declara_vars  go to state 28
    $@6           go to state 29


State 20

   78 declara_proc: PROCEDURE . $@13 IDENT $@14 paramsFormais PONTO_E_VIRGULA blocoPF

    $default  reduce using rule 76 ($@13)

    $@13  go to state 30


State 21

  107 declara_func: FUNCTION . $@23 IDENT $@24 paramsFormais DOIS_PONTOS tipoFunc PONTO_E_VIRGULA blocoPF

    $default  reduce using rule 105 ($@23)

    $@23  go to state 31


State 22

   73 parte_declara_procs: comando_vazio .

    $default  reduce using rule 73 (parte_declara_procs)


State 23

    5 bloco: parte_declara_vars $@2 parte_declara_procs . $@3 comando_composto

    $default  reduce using rule 4 ($@3)

    $@3  go to state 32


State 24

   71 parte_declara_procs: declara_procs .
   74 declara_procs: declara_procs . declara_proc

    PROCEDURE  shift, and go to state 20

    $default  reduce using rule 71 (parte_declara_procs)

    declara_proc  go to state 33


State 25

   75 declara_procs: declara_proc .

    $default  reduce using rule 75 (declara_procs)


State 26

   72 parte_declara_procs: declara_funcs .
  103 declara_funcs: declara_funcs . declara_func

    FUNCTION  shift, and go to state 21

    $default  reduce using rule 72 (parte_declara_procs)

    declara_func  go to state 34


State 27

  104 declara_funcs: declara_func .

    $default  reduce using rule 104 (declara_funcs)


State 28

    8 var: $@4 VAR declara_vars .
   11 declara_vars: declara_vars . $@5 declara_var

    IDENT     reduce using rule 10 ($@5)
    $default  reduce using rule 8 (var)

    $@5  go to state 35


State 29

   13 declara_vars: $@6 . declara_var

    IDENT  shift, and go to state 36

    declara_var   go to state 37
    lista_id_var  go to state 38


State 30

   78 declara_proc: PROCEDURE $@13 . IDENT $@14 paramsFormais PONTO_E_VIRGULA blocoPF

    IDENT  shift, and go to state 39


State 31

  107 declara_func: FUNCTION $@23 . IDENT $@24 paramsFormais DOIS_PONTOS tipoFunc PONTO_E_VIRGULA blocoPF

    IDENT  shift, and go to state 40


State 32

    5 bloco: parte_declara_vars $@2 parte_declara_procs $@3 . comando_composto

    T_BEGIN  shift, and go to state 41

    comando_composto  go to state 42


State 33

   74 declara_procs: declara_procs declara_proc .

    $default  reduce using rule 74 (declara_procs)


State 34

  103 declara_funcs: declara_funcs declara_func .

    $default  reduce using rule 103 (declara_funcs)


State 35

   11 declara_vars: declara_vars $@5 . declara_var

    IDENT  shift, and go to state 36

    declara_var   go to state 43
    lista_id_var  go to state 38


State 36

   17 lista_id_var: IDENT .

    $default  reduce using rule 17 (lista_id_var)


State 37

   13 declara_vars: $@6 declara_var .

    $default  reduce using rule 13 (declara_vars)


State 38

   14 declara_var: lista_id_var . DOIS_PONTOS tipo PONTO_E_VIRGULA
   16 lista_id_var: lista_id_var . VIRGULA IDENT

    VIRGULA      shift, and go to state 44
    DOIS_PONTOS  shift, and go to state 45


State 39

   78 declara_proc: PROCEDURE $@13 IDENT . $@14 paramsFormais PONTO_E_VIRGULA blocoPF

    $default  reduce using rule 77 ($@14)

    $@14  go to state 46


State 40

  107 declara_func: FUNCTION $@23 IDENT . $@24 paramsFormais DOIS_PONTOS tipoFunc PONTO_E_VIRGULA blocoPF

    $default  reduce using rule 106 ($@24)

    $@24  go to state 47


State 41

   20 comando_composto: T_BEGIN . comandos T_END

    T_BEGIN  shift, and go to state 41
    IDENT    shift, and go to state 48
    IF       shift, and go to state 49
    WHILE    shift, and go to state 50
    READ     shift, and go to state 51
    WRITE    shift, and go to state 52

    $default  reduce using rule 25 (comando_vazio)

    comando_composto    go to state 53
    comandos            go to state 54
    comando             go to state 55
    comando_vazio       go to state 56
    comando_sem_rotulo  go to state 57
    leitura             go to state 58
    escrita             go to state 59
    repeticao           go to state 60
    condicional         go to state 61
    if_then             go to state 62


State 42

    5 bloco: parte_declara_vars $@2 parte_declara_procs $@3 comando_composto .

    $default  reduce using rule 5 (bloco)


State 43

   11 declara_vars: declara_vars $@5 declara_var .

    $default  reduce using rule 11 (declara_vars)


State 44

   16 lista_id_var: lista_id_var VIRGULA . IDENT

    IDENT  shift, and go to state 63


State 45

   14 declara_var: lista_id_var DOIS_PONTOS . tipo PONTO_E_VIRGULA

    IDENT  shift, and go to state 64

    tipo  go to state 65


State 46

   78 declara_proc: PROCEDURE $@13 IDENT $@14 . paramsFormais PONTO_E_VIRGULA blocoPF

    ABRE_PARENTESES  shift, and go to state 66

    $default  reduce using rule 80 (paramsFormais)

    paramsFormais  go to state 67


State 47

  107 declara_func: FUNCTION $@23 IDENT $@24 . paramsFormais DOIS_PONTOS tipoFunc PONTO_E_VIRGULA blocoPF

    ABRE_PARENTESES  shift, and go to state 66

    $default  reduce using rule 80 (paramsFormais)

    paramsFormais  go to state 68


State 48

   27 comando_sem_rotulo: IDENT . $@7 atribuicao_ou_proc

    $default  reduce using rule 26 ($@7)

    $@7  go to state 69


State 49

   70 if_then: IF . $@11 expressao $@12 THEN comando_sem_rotulo

    $default  reduce using rule 68 ($@11)

    $@11  go to state 70


State 50

   65 repeticao: WHILE . $@9 expressao DO $@10 comando

    $default  reduce using rule 63 ($@9)

    $@9  go to state 71


State 51

   33 leitura: READ . ABRE_PARENTESES lista_read FECHA_PARENTESES

    ABRE_PARENTESES  shift, and go to state 72


State 52

   36 escrita: WRITE . ABRE_PARENTESES lista_write FECHA_PARENTESES

    ABRE_PARENTESES  shift, and go to state 73


State 53

   32 comando_sem_rotulo: comando_composto .

    $default  reduce using rule 32 (comando_sem_rotulo)


State 54

   20 comando_composto: T_BEGIN comandos . T_END
   21 comandos: comandos . PONTO_E_VIRGULA comando

    PONTO_E_VIRGULA  shift, and go to state 74
    T_END            shift, and go to state 75


State 55

   22 comandos: comando .

    $default  reduce using rule 22 (comandos)


State 56

   23 comando: comando_vazio .

    $default  reduce using rule 23 (comando)


State 57

   24 comando: comando_sem_rotulo .

    $default  reduce using rule 24 (comando)


State 58

   28 comando_sem_rotulo: leitura .

    $default  reduce using rule 28 (comando_sem_rotulo)


State 59

   29 comando_sem_rotulo: escrita .

    $default  reduce using rule 29 (comando_sem_rotulo)


State 60

   30 comando_sem_rotulo: repeticao .

    $default  reduce using rule 30 (comando_sem_rotulo)


State 61

   31 comando_sem_rotulo: condicional .

    $default  reduce using rule 31 (comando_sem_rotulo)


State 62

   66 condicional: if_then .
   67            | if_then . ELSE comando_sem_rotulo

    ELSE  shift, and go to state 76

    $default  reduce using rule 66 (condicional)


State 63

   16 lista_id_var: lista_id_var VIRGULA IDENT .

    $default  reduce using rule 16 (lista_id_var)


State 64

   15 tipo: IDENT .

    $default  reduce using rule 15 (tipo)


State 65

   14 declara_var: lista_id_var DOIS_PONTOS tipo . PONTO_E_VIRGULA

    PONTO_E_VIRGULA  shift, and go to state 77


State 66

   79 paramsFormais: ABRE_PARENTESES . listaParamsForms FECHA_PARENTESES

    VAR  shift, and go to state 78

    $default  reduce using rule 83 ($@15)

    listaParamsForms  go to state 79
    declaraParams     go to state 80
    $@15              go to state 81


State 67

   78 declara_proc: PROCEDURE $@13 IDENT $@14 paramsFormais . PONTO_E_VIRGULA blocoPF

    PONTO_E_VIRGULA  shift, and go to state 82


State 68

  107 declara_func: FUNCTION $@23 IDENT $@24 paramsFormais . DOIS_PONTOS tipoFunc PONTO_E_VIRGULA blocoPF

    DOIS_PONTOS  shift, and go to state 83


State 69

   27 comando_sem_rotulo: IDENT $@7 . atribuicao_ou_proc

    ABRE_PARENTESES  shift, and go to state 84
    ATRIBUICAO       shift, and go to state 85

    $default  reduce using rule 96 (chamaProcParams)

    atribuicao_ou_proc  go to state 86
    chamaProc           go to state 87
    chamaProcParams     go to state 88
    paramsProc          go to state 89


State 70

   70 if_then: IF $@11 . expressao $@12 THEN comando_sem_rotulo

    ABRE_PARENTESES  shift, and go to state 90
    IDENT            shift, and go to state 91
    NUM              shift, and go to state 92
    NOT              shift, and go to state 93
    TRUE             shift, and go to state 94
    FALSE            shift, and go to state 95

    expressao          go to state 96
    expressao_simples  go to state 97
    termo              go to state 98
    fator              go to state 99


State 71

   65 repeticao: WHILE $@9 . expressao DO $@10 comando

    ABRE_PARENTESES  shift, and go to state 90
    IDENT            shift, and go to state 91
    NUM              shift, and go to state 92
    NOT              shift, and go to state 93
    TRUE             shift, and go to state 94
    FALSE            shift, and go to state 95

    expressao          go to state 100
    expressao_simples  go to state 97
    termo              go to state 98
    fator              go to state 99


State 72

   33 leitura: READ ABRE_PARENTESES . lista_read FECHA_PARENTESES

    IDENT  shift, and go to state 101

    lista_read  go to state 102


State 73

   36 escrita: WRITE ABRE_PARENTESES . lista_write FECHA_PARENTESES

    ABRE_PARENTESES  shift, and go to state 90
    IDENT            shift, and go to state 91
    NUM              shift, and go to state 92
    NOT              shift, and go to state 93
    TRUE             shift, and go to state 94
    FALSE            shift, and go to state 95

    lista_write        go to state 103
    expressao          go to state 104
    expressao_simples  go to state 97
    termo              go to state 98
    fator              go to state 99


State 74

   21 comandos: comandos PONTO_E_VIRGULA . comando

    T_BEGIN  shift, and go to state 41
    IDENT    shift, and go to state 48
    IF       shift, and go to state 49
    WHILE    shift, and go to state 50
    READ     shift, and go to state 51
    WRITE    shift, and go to state 52

    $default  reduce using rule 25 (comando_vazio)

    comando_composto    go to state 53
    comando             go to state 105
    comando_vazio       go to state 56
    comando_sem_rotulo  go to state 57
    leitura             go to state 58
    escrita             go to state 59
    repeticao           go to state 60
    condicional         go to state 61
    if_then             go to state 62


State 75

   20 comando_composto: T_BEGIN comandos T_END .

    $default  reduce using rule 20 (comando_composto)


State 76

   67 condicional: if_then ELSE . comando_sem_rotulo

    T_BEGIN  shift, and go to state 41
    IDENT    shift, and go to state 48
    IF       shift, and go to state 49
    WHILE    shift, and go to state 50
    READ     shift, and go to state 51
    WRITE    shift, and go to state 52

    comando_composto    go to state 53
    comando_sem_rotulo  go to state 106
    leitura             go to state 58
    escrita             go to state 59
    repeticao           go to state 60
    condicional         go to state 61
    if_then             go to state 62


State 77

   14 declara_var: lista_id_var DOIS_PONTOS tipo PONTO_E_VIRGULA .

    $default  reduce using rule 14 (declara_var)


State 78

   86 declaraParams: VAR . $@16 declaraParam DOIS_PONTOS tipoParam

    $default  reduce using rule 85 ($@16)

    $@16  go to state 107


State 79

   79 paramsFormais: ABRE_PARENTESES listaParamsForms . FECHA_PARENTESES
   81 listaParamsForms: listaParamsForms . PONTO_E_VIRGULA declaraParams

    FECHA_PARENTESES  shift, and go to state 108
    PONTO_E_VIRGULA   shift, and go to state 109


State 80

   82 listaParamsForms: declaraParams .

    $default  reduce using rule 82 (listaParamsForms)


State 81

   84 declaraParams: $@15 . declaraParam DOIS_PONTOS tipoParam

    IDENT  shift, and go to state 110

    declaraParam  go to state 111


State 82

   78 declara_proc: PROCEDURE $@13 IDENT $@14 paramsFormais PONTO_E_VIRGULA . blocoPF

    VAR       reduce using rule 7 ($@4)
    $default  reduce using rule 9 (var)

    parte_declara_vars  go to state 112
    var                 go to state 15
    $@4                 go to state 16
    blocoPF             go to state 113


State 83

  107 declara_func: FUNCTION $@23 IDENT $@24 paramsFormais DOIS_PONTOS . tipoFunc PONTO_E_VIRGULA blocoPF

    IDENT  shift, and go to state 114

    tipoFunc  go to state 115


State 84

   98 paramsProc: ABRE_PARENTESES . $@20 listaParams FECHA_PARENTESES

    $default  reduce using rule 97 ($@20)

    $@20  go to state 116


State 85

   39 atribuicao_ou_proc: ATRIBUICAO . expressao

    ABRE_PARENTESES  shift, and go to state 90
    IDENT            shift, and go to state 91
    NUM              shift, and go to state 92
    NOT              shift, and go to state 93
    TRUE             shift, and go to state 94
    FALSE            shift, and go to state 95

    expressao          go to state 117
    expressao_simples  go to state 97
    termo              go to state 98
    fator              go to state 99


State 86

   27 comando_sem_rotulo: IDENT $@7 atribuicao_ou_proc .

    $default  reduce using rule 27 (comando_sem_rotulo)


State 87

   40 atribuicao_ou_proc: chamaProc .

    $default  reduce using rule 40 (atribuicao_ou_proc)


State 88

   94 chamaProc: chamaProcParams .

    $default  reduce using rule 94 (chamaProc)


State 89

   95 chamaProcParams: paramsProc .

    $default  reduce using rule 95 (chamaProcParams)


State 90

   62 fator: ABRE_PARENTESES . expressao FECHA_PARENTESES

    ABRE_PARENTESES  shift, and go to state 90
    IDENT            shift, and go to state 91
    NUM              shift, and go to state 92
    NOT              shift, and go to state 93
    TRUE             shift, and go to state 94
    FALSE            shift, and go to state 95

    expressao          go to state 118
    expressao_simples  go to state 97
    termo              go to state 98
    fator              go to state 99


State 91

   58 fator: IDENT . $@8 atribui

    $default  reduce using rule 57 ($@8)

    $@8  go to state 119


State 92

   56 fator: NUM .

    $default  reduce using rule 56 (fator)


State 93

   61 fator: NOT . fator

    ABRE_PARENTESES  shift, and go to state 90
    IDENT            shift, and go to state 91
    NUM              shift, and go to state 92
    NOT              shift, and go to state 93
    TRUE             shift, and go to state 94
    FALSE            shift, and go to state 95

    fator  go to state 120


State 94

   59 fator: TRUE .

    $default  reduce using rule 59 (fator)


State 95

   60 fator: FALSE .

    $default  reduce using rule 60 (fator)


State 96

   41 expressao: expressao . MAIOR expressao_simples
   42          | expressao . MAIOR_IGUAL expressao_simples
   43          | expressao . MENOR expressao_simples
   44          | expressao . MENOR_IGUAL expressao_simples
   45          | expressao . IGUAL expressao_simples
   46          | expressao . DESIGUAL expressao_simples
   70 if_then: IF $@11 expressao . $@12 THEN comando_sem_rotulo

    MAIOR        shift, and go to state 121
    MAIOR_IGUAL  shift, and go to state 122
    MENOR        shift, and go to state 123
    MENOR_IGUAL  shift, and go to state 124
    IGUAL        shift, and go to state 125
    DESIGUAL     shift, and go to state 126

    $default  reduce using rule 69 ($@12)

    $@12  go to state 127


State 97

   47 expressao: expressao_simples .
   48 expressao_simples: expressao_simples . SOMA termo
   49                  | expressao_simples . SUB termo
   50                  | expressao_simples . OR termo

    OR    shift, and go to state 128
    SOMA  shift, and go to state 129
    SUB   shift, and go to state 130

    $default  reduce using rule 47 (expressao)


State 98

   51 expressao_simples: termo .
   52 termo: termo . MULT fator
   53      | termo . DIV fator
   54      | termo . AND fator

    AND   shift, and go to state 131
    MULT  shift, and go to state 132
    DIV   shift, and go to state 133

    $default  reduce using rule 51 (expressao_simples)


State 99

   55 termo: fator .

    $default  reduce using rule 55 (termo)


State 100

   41 expressao: expressao . MAIOR expressao_simples
   42          | expressao . MAIOR_IGUAL expressao_simples
   43          | expressao . MENOR expressao_simples
   44          | expressao . MENOR_IGUAL expressao_simples
   45          | expressao . IGUAL expressao_simples
   46          | expressao . DESIGUAL expressao_simples
   65 repeticao: WHILE $@9 expressao . DO $@10 comando

    DO           shift, and go to state 134
    MAIOR        shift, and go to state 121
    MAIOR_IGUAL  shift, and go to state 122
    MENOR        shift, and go to state 123
    MENOR_IGUAL  shift, and go to state 124
    IGUAL        shift, and go to state 125
    DESIGUAL     shift, and go to state 126


State 101

   35 lista_read: IDENT .

    $default  reduce using rule 35 (lista_read)


State 102

   33 leitura: READ ABRE_PARENTESES lista_read . FECHA_PARENTESES
   34 lista_read: lista_read . VIRGULA IDENT

    FECHA_PARENTESES  shift, and go to state 135
    VIRGULA           shift, and go to state 136


State 103

   36 escrita: WRITE ABRE_PARENTESES lista_write . FECHA_PARENTESES
   37 lista_write: lista_write . VIRGULA expressao

    FECHA_PARENTESES  shift, and go to state 137
    VIRGULA           shift, and go to state 138


State 104

   38 lista_write: expressao .
   41 expressao: expressao . MAIOR expressao_simples
   42          | expressao . MAIOR_IGUAL expressao_simples
   43          | expressao . MENOR expressao_simples
   44          | expressao . MENOR_IGUAL expressao_simples
   45          | expressao . IGUAL expressao_simples
   46          | expressao . DESIGUAL expressao_simples

    MAIOR        shift, and go to state 121
    MAIOR_IGUAL  shift, and go to state 122
    MENOR        shift, and go to state 123
    MENOR_IGUAL  shift, and go to state 124
    IGUAL        shift, and go to state 125
    DESIGUAL     shift, and go to state 126

    $default  reduce using rule 38 (lista_write)


State 105

   21 comandos: comandos PONTO_E_VIRGULA comando .

    $default  reduce using rule 21 (comandos)


State 106

   67 condicional: if_then ELSE comando_sem_rotulo .

    $default  reduce using rule 67 (condicional)


State 107

   86 declaraParams: VAR $@16 . declaraParam DOIS_PONTOS tipoParam

    IDENT  shift, and go to state 110

    declaraParam  go to state 139


State 108

   79 paramsFormais: ABRE_PARENTESES listaParamsForms FECHA_PARENTESES .

    $default  reduce using rule 79 (paramsFormais)


State 109

   81 listaParamsForms: listaParamsForms PONTO_E_VIRGULA . declaraParams

    VAR  shift, and go to state 78

    $default  reduce using rule 83 ($@15)

    declaraParams  go to state 140
    $@15           go to state 81


State 110

   88 declaraParam: IDENT .

    $default  reduce using rule 88 (declaraParam)


State 111

   84 declaraParams: $@15 declaraParam . DOIS_PONTOS tipoParam
   87 declaraParam: declaraParam . VIRGULA IDENT

    VIRGULA      shift, and go to state 141
    DOIS_PONTOS  shift, and go to state 142


State 112

   93 blocoPF: parte_declara_vars . $@17 parte_declara_procs $@18 comando_composto $@19 PONTO_E_VIRGULA

    $default  reduce using rule 90 ($@17)

    $@17  go to state 143


State 113

   78 declara_proc: PROCEDURE $@13 IDENT $@14 paramsFormais PONTO_E_VIRGULA blocoPF .

    $default  reduce using rule 78 (declara_proc)


State 114

  108 tipoFunc: IDENT .

    $default  reduce using rule 108 (tipoFunc)


State 115

  107 declara_func: FUNCTION $@23 IDENT $@24 paramsFormais DOIS_PONTOS tipoFunc . PONTO_E_VIRGULA blocoPF

    PONTO_E_VIRGULA  shift, and go to state 144


State 116

   98 paramsProc: ABRE_PARENTESES $@20 . listaParams FECHA_PARENTESES

    $default  reduce using rule 101 ($@22)

    listaParams  go to state 145
    $@22         go to state 146


State 117

   39 atribuicao_ou_proc: ATRIBUICAO expressao .
   41 expressao: expressao . MAIOR expressao_simples
   42          | expressao . MAIOR_IGUAL expressao_simples
   43          | expressao . MENOR expressao_simples
   44          | expressao . MENOR_IGUAL expressao_simples
   45          | expressao . IGUAL expressao_simples
   46          | expressao . DESIGUAL expressao_simples

    MAIOR        shift, and go to state 121
    MAIOR_IGUAL  shift, and go to state 122
    MENOR        shift, and go to state 123
    MENOR_IGUAL  shift, and go to state 124
    IGUAL        shift, and go to state 125
    DESIGUAL     shift, and go to state 126

    $default  reduce using rule 39 (atribuicao_ou_proc)


State 118

   41 expressao: expressao . MAIOR expressao_simples
   42          | expressao . MAIOR_IGUAL expressao_simples
   43          | expressao . MENOR expressao_simples
   44          | expressao . MENOR_IGUAL expressao_simples
   45          | expressao . IGUAL expressao_simples
   46          | expressao . DESIGUAL expressao_simples
   62 fator: ABRE_PARENTESES expressao . FECHA_PARENTESES

    FECHA_PARENTESES  shift, and go to state 147
    MAIOR             shift, and go to state 121
    MAIOR_IGUAL       shift, and go to state 122
    MENOR             shift, and go to state 123
    MENOR_IGUAL       shift, and go to state 124
    IGUAL             shift, and go to state 125
    DESIGUAL          shift, and go to state 126


State 119

   58 fator: IDENT $@8 . atribui

    ABRE_PARENTESES  reduce using rule 109 ($@25)
    $default         reduce using rule 111 (atribui)

    atribui  go to state 148
    $@25     go to state 149


State 120

   61 fator: NOT fator .

    $default  reduce using rule 61 (fator)


State 121

   41 expressao: expressao MAIOR . expressao_simples

    ABRE_PARENTESES  shift, and go to state 90
    IDENT            shift, and go to state 91
    NUM              shift, and go to state 92
    NOT              shift, and go to state 93
    TRUE             shift, and go to state 94
    FALSE            shift, and go to state 95

    expressao_simples  go to state 150
    termo              go to state 98
    fator              go to state 99


State 122

   42 expressao: expressao MAIOR_IGUAL . expressao_simples

    ABRE_PARENTESES  shift, and go to state 90
    IDENT            shift, and go to state 91
    NUM              shift, and go to state 92
    NOT              shift, and go to state 93
    TRUE             shift, and go to state 94
    FALSE            shift, and go to state 95

    expressao_simples  go to state 151
    termo              go to state 98
    fator              go to state 99


State 123

   43 expressao: expressao MENOR . expressao_simples

    ABRE_PARENTESES  shift, and go to state 90
    IDENT            shift, and go to state 91
    NUM              shift, and go to state 92
    NOT              shift, and go to state 93
    TRUE             shift, and go to state 94
    FALSE            shift, and go to state 95

    expressao_simples  go to state 152
    termo              go to state 98
    fator              go to state 99


State 124

   44 expressao: expressao MENOR_IGUAL . expressao_simples

    ABRE_PARENTESES  shift, and go to state 90
    IDENT            shift, and go to state 91
    NUM              shift, and go to state 92
    NOT              shift, and go to state 93
    TRUE             shift, and go to state 94
    FALSE            shift, and go to state 95

    expressao_simples  go to state 153
    termo              go to state 98
    fator              go to state 99


State 125

   45 expressao: expressao IGUAL . expressao_simples

    ABRE_PARENTESES  shift, and go to state 90
    IDENT            shift, and go to state 91
    NUM              shift, and go to state 92
    NOT              shift, and go to state 93
    TRUE             shift, and go to state 94
    FALSE            shift, and go to state 95

    expressao_simples  go to state 154
    termo              go to state 98
    fator              go to state 99


State 126

   46 expressao: expressao DESIGUAL . expressao_simples

    ABRE_PARENTESES  shift, and go to state 90
    IDENT            shift, and go to state 91
    NUM              shift, and go to state 92
    NOT              shift, and go to state 93
    TRUE             shift, and go to state 94
    FALSE            shift, and go to state 95

    expressao_simples  go to state 155
    termo              go to state 98
    fator              go to state 99


State 127

   70 if_then: IF $@11 expressao $@12 . THEN comando_sem_rotulo

    THEN  shift, and go to state 156


State 128

   50 expressao_simples: expressao_simples OR . termo

    ABRE_PARENTESES  shift, and go to state 90
    IDENT            shift, and go to state 91
    NUM              shift, and go to state 92
    NOT              shift, and go to state 93
    TRUE             shift, and go to state 94
    FALSE            shift, and go to state 95

    termo  go to state 157
    fator  go to state 99


State 129

   48 expressao_simples: expressao_simples SOMA . termo

    ABRE_PARENTESES  shift, and go to state 90
    IDENT            shift, and go to state 91
    NUM              shift, and go to state 92
    NOT              shift, and go to state 93
    TRUE             shift, and go to state 94
    FALSE            shift, and go to state 95

    termo  go to state 158
    fator  go to state 99


State 130

   49 expressao_simples: expressao_simples SUB . termo

    ABRE_PARENTESES  shift, and go to state 90
    IDENT            shift, and go to state 91
    NUM              shift, and go to state 92
    NOT              shift, and go to state 93
    TRUE             shift, and go to state 94
    FALSE            shift, and go to state 95

    termo  go to state 159
    fator  go to state 99


State 131

   54 termo: termo AND . fator

    ABRE_PARENTESES  shift, and go to state 90
    IDENT            shift, and go to state 91
    NUM              shift, and go to state 92
    NOT              shift, and go to state 93
    TRUE             shift, and go to state 94
    FALSE            shift, and go to state 95

    fator  go to state 160


State 132

   52 termo: termo MULT . fator

    ABRE_PARENTESES  shift, and go to state 90
    IDENT            shift, and go to state 91
    NUM              shift, and go to state 92
    NOT              shift, and go to state 93
    TRUE             shift, and go to state 94
    FALSE            shift, and go to state 95

    fator  go to state 161


State 133

   53 termo: termo DIV . fator

    ABRE_PARENTESES  shift, and go to state 90
    IDENT            shift, and go to state 91
    NUM              shift, and go to state 92
    NOT              shift, and go to state 93
    TRUE             shift, and go to state 94
    FALSE            shift, and go to state 95

    fator  go to state 162


State 134

   65 repeticao: WHILE $@9 expressao DO . $@10 comando

    $default  reduce using rule 64 ($@10)

    $@10  go to state 163


State 135

   33 leitura: READ ABRE_PARENTESES lista_read FECHA_PARENTESES .

    $default  reduce using rule 33 (leitura)


State 136

   34 lista_read: lista_read VIRGULA . IDENT

    IDENT  shift, and go to state 164


State 137

   36 escrita: WRITE ABRE_PARENTESES lista_write FECHA_PARENTESES .

    $default  reduce using rule 36 (escrita)


State 138

   37 lista_write: lista_write VIRGULA . expressao

    ABRE_PARENTESES  shift, and go to state 90
    IDENT            shift, and go to state 91
    NUM              shift, and go to state 92
    NOT              shift, and go to state 93
    TRUE             shift, and go to state 94
    FALSE            shift, and go to state 95

    expressao          go to state 165
    expressao_simples  go to state 97
    termo              go to state 98
    fator              go to state 99


State 139

   86 declaraParams: VAR $@16 declaraParam . DOIS_PONTOS tipoParam
   87 declaraParam: declaraParam . VIRGULA IDENT

    VIRGULA      shift, and go to state 141
    DOIS_PONTOS  shift, and go to state 166


State 140

   81 listaParamsForms: listaParamsForms PONTO_E_VIRGULA declaraParams .

    $default  reduce using rule 81 (listaParamsForms)


State 141

   87 declaraParam: declaraParam VIRGULA . IDENT

    IDENT  shift, and go to state 167


State 142

   84 declaraParams: $@15 declaraParam DOIS_PONTOS . tipoParam

    IDENT  shift, and go to state 168

    tipoParam  go to state 169


State 143

   93 blocoPF: parte_declara_vars $@17 . parte_declara_procs $@18 comando_composto $@19 PONTO_E_VIRGULA

    PROCEDURE  shift, and go to state 20
    FUNCTION   shift, and go to state 21

    $default  reduce using rule 25 (comando_vazio)

    comando_vazio        go to state 22
    parte_declara_procs  go to state 170
    declara_procs        go to state 24
    declara_proc         go to state 25
    declara_funcs        go to state 26
    declara_func         go to state 27


State 144

  107 declara_func: FUNCTION $@23 IDENT $@24 paramsFormais DOIS_PONTOS tipoFunc PONTO_E_VIRGULA . blocoPF

    VAR       reduce using rule 7 ($@4)
    $default  reduce using rule 9 (var)

    parte_declara_vars  go to state 112
    var                 go to state 15
    $@4                 go to state 16
    blocoPF             go to state 171


State 145

   98 paramsProc: ABRE_PARENTESES $@20 listaParams . FECHA_PARENTESES
  100 listaParams: listaParams . VIRGULA $@21 expressao

    FECHA_PARENTESES  shift, and go to state 172
    VIRGULA           shift, and go to state 173


State 146

  102 listaParams: $@22 . expressao

    ABRE_PARENTESES  shift, and go to state 90
    IDENT            shift, and go to state 91
    NUM              shift, and go to state 92
    NOT              shift, and go to state 93
    TRUE             shift, and go to state 94
    FALSE            shift, and go to state 95

    expressao          go to state 174
    expressao_simples  go to state 97
    termo              go to state 98
    fator              go to state 99


State 147

   62 fator: ABRE_PARENTESES expressao FECHA_PARENTESES .

    $default  reduce using rule 62 (fator)


State 148

   58 fator: IDENT $@8 atribui .

    $default  reduce using rule 58 (fator)


State 149

  110 atribui: $@25 . paramsProc

    ABRE_PARENTESES  shift, and go to state 84

    paramsProc  go to state 175


State 150

   41 expressao: expressao MAIOR expressao_simples .
   48 expressao_simples: expressao_simples . SOMA termo
   49                  | expressao_simples . SUB termo
   50                  | expressao_simples . OR termo

    OR    shift, and go to state 128
    SOMA  shift, and go to state 129
    SUB   shift, and go to state 130

    $default  reduce using rule 41 (expressao)


State 151

   42 expressao: expressao MAIOR_IGUAL expressao_simples .
   48 expressao_simples: expressao_simples . SOMA termo
   49                  | expressao_simples . SUB termo
   50                  | expressao_simples . OR termo

    OR    shift, and go to state 128
    SOMA  shift, and go to state 129
    SUB   shift, and go to state 130

    $default  reduce using rule 42 (expressao)


State 152

   43 expressao: expressao MENOR expressao_simples .
   48 expressao_simples: expressao_simples . SOMA termo
   49                  | expressao_simples . SUB termo
   50                  | expressao_simples . OR termo

    OR    shift, and go to state 128
    SOMA  shift, and go to state 129
    SUB   shift, and go to state 130

    $default  reduce using rule 43 (expressao)


State 153

   44 expressao: expressao MENOR_IGUAL expressao_simples .
   48 expressao_simples: expressao_simples . SOMA termo
   49                  | expressao_simples . SUB termo
   50                  | expressao_simples . OR termo

    OR    shift, and go to state 128
    SOMA  shift, and go to state 129
    SUB   shift, and go to state 130

    $default  reduce using rule 44 (expressao)


State 154

   45 expressao: expressao IGUAL expressao_simples .
   48 expressao_simples: expressao_simples . SOMA termo
   49                  | expressao_simples . SUB termo
   50                  | expressao_simples . OR termo

    OR    shift, and go to state 128
    SOMA  shift, and go to state 129
    SUB   shift, and go to state 130

    $default  reduce using rule 45 (expressao)


State 155

   46 expressao: expressao DESIGUAL expressao_simples .
   48 expressao_simples: expressao_simples . SOMA termo
   49                  | expressao_simples . SUB termo
   50                  | expressao_simples . OR termo

    OR    shift, and go to state 128
    SOMA  shift, and go to state 129
    SUB   shift, and go to state 130

    $default  reduce using rule 46 (expressao)


State 156

   70 if_then: IF $@11 expressao $@12 THEN . comando_sem_rotulo

    T_BEGIN  shift, and go to state 41
    IDENT    shift, and go to state 48
    IF       shift, and go to state 49
    WHILE    shift, and go to state 50
    READ     shift, and go to state 51
    WRITE    shift, and go to state 52

    comando_composto    go to state 53
    comando_sem_rotulo  go to state 176
    leitura             go to state 58
    escrita             go to state 59
    repeticao           go to state 60
    condicional         go to state 61
    if_then             go to state 62


State 157

   50 expressao_simples: expressao_simples OR termo .
   52 termo: termo . MULT fator
   53      | termo . DIV fator
   54      | termo . AND fator

    AND   shift, and go to state 131
    MULT  shift, and go to state 132
    DIV   shift, and go to state 133

    $default  reduce using rule 50 (expressao_simples)


State 158

   48 expressao_simples: expressao_simples SOMA termo .
   52 termo: termo . MULT fator
   53      | termo . DIV fator
   54      | termo . AND fator

    AND   shift, and go to state 131
    MULT  shift, and go to state 132
    DIV   shift, and go to state 133

    $default  reduce using rule 48 (expressao_simples)


State 159

   49 expressao_simples: expressao_simples SUB termo .
   52 termo: termo . MULT fator
   53      | termo . DIV fator
   54      | termo . AND fator

    AND   shift, and go to state 131
    MULT  shift, and go to state 132
    DIV   shift, and go to state 133

    $default  reduce using rule 49 (expressao_simples)


State 160

   54 termo: termo AND fator .

    $default  reduce using rule 54 (termo)


State 161

   52 termo: termo MULT fator .

    $default  reduce using rule 52 (termo)


State 162

   53 termo: termo DIV fator .

    $default  reduce using rule 53 (termo)


State 163

   65 repeticao: WHILE $@9 expressao DO $@10 . comando

    T_BEGIN  shift, and go to state 41
    IDENT    shift, and go to state 48
    IF       shift, and go to state 49
    WHILE    shift, and go to state 50
    READ     shift, and go to state 51
    WRITE    shift, and go to state 52

    $default  reduce using rule 25 (comando_vazio)

    comando_composto    go to state 53
    comando             go to state 177
    comando_vazio       go to state 56
    comando_sem_rotulo  go to state 57
    leitura             go to state 58
    escrita             go to state 59
    repeticao           go to state 60
    condicional         go to state 61
    if_then             go to state 62


State 164

   34 lista_read: lista_read VIRGULA IDENT .

    $default  reduce using rule 34 (lista_read)


State 165

   37 lista_write: lista_write VIRGULA expressao .
   41 expressao: expressao . MAIOR expressao_simples
   42          | expressao . MAIOR_IGUAL expressao_simples
   43          | expressao . MENOR expressao_simples
   44          | expressao . MENOR_IGUAL expressao_simples
   45          | expressao . IGUAL expressao_simples
   46          | expressao . DESIGUAL expressao_simples

    MAIOR        shift, and go to state 121
    MAIOR_IGUAL  shift, and go to state 122
    MENOR        shift, and go to state 123
    MENOR_IGUAL  shift, and go to state 124
    IGUAL        shift, and go to state 125
    DESIGUAL     shift, and go to state 126

    $default  reduce using rule 37 (lista_write)


State 166

   86 declaraParams: VAR $@16 declaraParam DOIS_PONTOS . tipoParam

    IDENT  shift, and go to state 168

    tipoParam  go to state 178


State 167

   87 declaraParam: declaraParam VIRGULA IDENT .

    $default  reduce using rule 87 (declaraParam)


State 168

   89 tipoParam: IDENT .

    $default  reduce using rule 89 (tipoParam)


State 169

   84 declaraParams: $@15 declaraParam DOIS_PONTOS tipoParam .

    $default  reduce using rule 84 (declaraParams)


State 170

   93 blocoPF: parte_declara_vars $@17 parte_declara_procs . $@18 comando_composto $@19 PONTO_E_VIRGULA

    $default  reduce using rule 91 ($@18)

    $@18  go to state 179


State 171

  107 declara_func: FUNCTION $@23 IDENT $@24 paramsFormais DOIS_PONTOS tipoFunc PONTO_E_VIRGULA blocoPF .

    $default  reduce using rule 107 (declara_func)


State 172

   98 paramsProc: ABRE_PARENTESES $@20 listaParams FECHA_PARENTESES .

    $default  reduce using rule 98 (paramsProc)


State 173

  100 listaParams: listaParams VIRGULA . $@21 expressao

    $default  reduce using rule 99 ($@21)

    $@21  go to state 180


State 174

   41 expressao: expressao . MAIOR expressao_simples
   42          | expressao . MAIOR_IGUAL expressao_simples
   43          | expressao . MENOR expressao_simples
   44          | expressao . MENOR_IGUAL expressao_simples
   45          | expressao . IGUAL expressao_simples
   46          | expressao . DESIGUAL expressao_simples
  102 listaParams: $@22 expressao .

    MAIOR        shift, and go to state 121
    MAIOR_IGUAL  shift, and go to state 122
    MENOR        shift, and go to state 123
    MENOR_IGUAL  shift, and go to state 124
    IGUAL        shift, and go to state 125
    DESIGUAL     shift, and go to state 126

    $default  reduce using rule 102 (listaParams)


State 175

  110 atribui: $@25 paramsProc .

    $default  reduce using rule 110 (atribui)


State 176

   70 if_then: IF $@11 expressao $@12 THEN comando_sem_rotulo .

    $default  reduce using rule 70 (if_then)


State 177

   65 repeticao: WHILE $@9 expressao DO $@10 comando .

    $default  reduce using rule 65 (repeticao)


State 178

   86 declaraParams: VAR $@16 declaraParam DOIS_PONTOS tipoParam .

    $default  reduce using rule 86 (declaraParams)


State 179

   93 blocoPF: parte_declara_vars $@17 parte_declara_procs $@18 . comando_composto $@19 PONTO_E_VIRGULA

    T_BEGIN  shift, and go to state 41

    comando_composto  go to state 181


State 180

  100 listaParams: listaParams VIRGULA $@21 . expressao

    ABRE_PARENTESES  shift, and go to state 90
    IDENT            shift, and go to state 91
    NUM              shift, and go to state 92
    NOT              shift, and go to state 93
    TRUE             shift, and go to state 94
    FALSE            shift, and go to state 95

    expressao          go to state 182
    expressao_simples  go to state 97
    termo              go to state 98
    fator              go to state 99


State 181

   93 blocoPF: parte_declara_vars $@17 parte_declara_procs $@18 comando_composto . $@19 PONTO_E_VIRGULA

    $default  reduce using rule 92 ($@19)

    $@19  go to state 183


State 182

   41 expressao: expressao . MAIOR expressao_simples
   42          | expressao . MAIOR_IGUAL expressao_simples
   43          | expressao . MENOR expressao_simples
   44          | expressao . MENOR_IGUAL expressao_simples
   45          | expressao . IGUAL expressao_simples
   46          | expressao . DESIGUAL expressao_simples
  100 listaParams: listaParams VIRGULA $@21 expressao .

    MAIOR        shift, and go to state 121
    MAIOR_IGUAL  shift, and go to state 122
    MENOR        shift, and go to state 123
    MENOR_IGUAL  shift, and go to state 124
    IGUAL        shift, and go to state 125
    DESIGUAL     shift, and go to state 126

    $default  reduce using rule 100 (listaParams)


State 183

   93 blocoPF: parte_declara_vars $@17 parte_declara_procs $@18 comando_composto $@19 . PONTO_E_VIRGULA

    PONTO_E_VIRGULA  shift, and go to state 184


State 184

   93 blocoPF: parte_declara_vars $@17 parte_declara_procs $@18 comando_composto $@19 PONTO_E_VIRGULA .

    $default  reduce using rule 93 (blocoPF)
